[06-Dec-2016 17:18:23 Europe/Paris] PHP Parse error:  syntax error, unexpected 'catch' (T_CATCH) in /home/UNIV-LYON1/p1506593/public_html/CPOA/PHP/Modele/connexionbdd.php on line 9
[06-Dec-2016 17:19:11 Europe/Paris] PHP Parse error:  syntax error, unexpected 'catch' (T_CATCH) in /home/UNIV-LYON1/p1506593/public_html/CPOA/PHP/Modele/connexionbdd.php on line 9
[06-Dec-2016 17:20:22 Europe/Paris] PHP Parse error:  syntax error, unexpected 'catch' (T_CATCH) in /home/UNIV-LYON1/p1506593/public_html/CPOA/PHP/Modele/connexionbdd.php on line 9
[06-Dec-2016 17:20:23 Europe/Paris] PHP Parse error:  syntax error, unexpected 'catch' (T_CATCH) in /home/UNIV-LYON1/p1506593/public_html/CPOA/PHP/Modele/connexionbdd.php on line 9
[06-Dec-2016 17:20:32 Europe/Paris] PHP Parse error:  syntax error, unexpected 'catch' (T_CATCH) in /home/UNIV-LYON1/p1506593/public_html/CPOA/PHP/Modele/connexionbdd.php on line 9
[06-Dec-2016 17:20:32 Europe/Paris] PHP Parse error:  syntax error, unexpected 'catch' (T_CATCH) in /home/UNIV-LYON1/p1506593/public_html/CPOA/PHP/Modele/connexionbdd.php on line 9
[06-Dec-2016 17:20:32 Europe/Paris] PHP Parse error:  syntax error, unexpected 'catch' (T_CATCH) in /home/UNIV-LYON1/p1506593/public_html/CPOA/PHP/Modele/connexionbdd.php on line 9
[06-Dec-2016 17:20:33 Europe/Paris] PHP Parse error:  syntax error, unexpected 'catch' (T_CATCH) in /home/UNIV-LYON1/p1506593/public_html/CPOA/PHP/Modele/connexionbdd.php on line 9
[06-Dec-2016 17:20:33 Europe/Paris] PHP Parse error:  syntax error, unexpected 'catch' (T_CATCH) in /home/UNIV-LYON1/p1506593/public_html/CPOA/PHP/Modele/connexionbdd.php on line 9
[06-Dec-2016 17:20:44 Europe/Paris] PHP Parse error:  syntax error, unexpected 'catch' (T_CATCH) in /home/UNIV-LYON1/p1506593/public_html/CPOA/PHP/Modele/connexionbdd.php on line 9
[06-Dec-2016 17:20:44 Europe/Paris] PHP Parse error:  syntax error, unexpected 'catch' (T_CATCH) in /home/UNIV-LYON1/p1506593/public_html/CPOA/PHP/Modele/connexionbdd.php on line 9
[06-Dec-2016 17:20:45 Europe/Paris] PHP Parse error:  syntax error, unexpected 'catch' (T_CATCH) in /home/UNIV-LYON1/p1506593/public_html/CPOA/PHP/Modele/connexionbdd.php on line 9
[06-Dec-2016 17:20:45 Europe/Paris] PHP Parse error:  syntax error, unexpected 'catch' (T_CATCH) in /home/UNIV-LYON1/p1506593/public_html/CPOA/PHP/Modele/connexionbdd.php on line 9
[06-Dec-2016 17:20:45 Europe/Paris] PHP Parse error:  syntax error, unexpected 'catch' (T_CATCH) in /home/UNIV-LYON1/p1506593/public_html/CPOA/PHP/Modele/connexionbdd.php on line 9
[06-Dec-2016 17:20:45 Europe/Paris] PHP Parse error:  syntax error, unexpected 'catch' (T_CATCH) in /home/UNIV-LYON1/p1506593/public_html/CPOA/PHP/Modele/connexionbdd.php on line 9
[06-Dec-2016 17:20:45 Europe/Paris] PHP Parse error:  syntax error, unexpected 'catch' (T_CATCH) in /home/UNIV-LYON1/p1506593/public_html/CPOA/PHP/Modele/connexionbdd.php on line 9
[06-Dec-2016 17:20:45 Europe/Paris] PHP Parse error:  syntax error, unexpected 'catch' (T_CATCH) in /home/UNIV-LYON1/p1506593/public_html/CPOA/PHP/Modele/connexionbdd.php on line 9
[06-Dec-2016 17:20:45 Europe/Paris] PHP Parse error:  syntax error, unexpected 'catch' (T_CATCH) in /home/UNIV-LYON1/p1506593/public_html/CPOA/PHP/Modele/connexionbdd.php on line 9
[06-Dec-2016 17:20:46 Europe/Paris] PHP Parse error:  syntax error, unexpected 'catch' (T_CATCH) in /home/UNIV-LYON1/p1506593/public_html/CPOA/PHP/Modele/connexionbdd.php on line 9
[06-Dec-2016 17:20:58 Europe/Paris] PHP Parse error:  syntax error, unexpected 'catch' (T_CATCH) in /home/UNIV-LYON1/p1506593/public_html/CPOA/PHP/Modele/connexionbdd.php on line 9
[06-Dec-2016 17:20:59 Europe/Paris] PHP Parse error:  syntax error, unexpected 'catch' (T_CATCH) in /home/UNIV-LYON1/p1506593/public_html/CPOA/PHP/Modele/connexionbdd.php on line 9
[06-Dec-2016 17:21:20 Europe/Paris] PHP Parse error:  syntax error, unexpected 'catch' (T_CATCH) in /home/UNIV-LYON1/p1506593/public_html/CPOA/PHP/Modele/connexionbdd.php on line 9
[06-Dec-2016 17:21:21 Europe/Paris] PHP Parse error:  syntax error, unexpected 'catch' (T_CATCH) in /home/UNIV-LYON1/p1506593/public_html/CPOA/PHP/Modele/connexionbdd.php on line 9
[06-Dec-2016 17:21:21 Europe/Paris] PHP Parse error:  syntax error, unexpected 'catch' (T_CATCH) in /home/UNIV-LYON1/p1506593/public_html/CPOA/PHP/Modele/connexionbdd.php on line 9
[06-Dec-2016 17:21:21 Europe/Paris] PHP Parse error:  syntax error, unexpected 'catch' (T_CATCH) in /home/UNIV-LYON1/p1506593/public_html/CPOA/PHP/Modele/connexionbdd.php on line 9
[06-Dec-2016 17:21:21 Europe/Paris] PHP Parse error:  syntax error, unexpected 'catch' (T_CATCH) in /home/UNIV-LYON1/p1506593/public_html/CPOA/PHP/Modele/connexionbdd.php on line 9
[06-Dec-2016 17:21:33 Europe/Paris] PHP Parse error:  syntax error, unexpected 'catch' (T_CATCH) in /home/UNIV-LYON1/p1506593/public_html/CPOA/PHP/Modele/connexionbdd.php on line 9
[06-Dec-2016 17:21:33 Europe/Paris] PHP Parse error:  syntax error, unexpected 'catch' (T_CATCH) in /home/UNIV-LYON1/p1506593/public_html/CPOA/PHP/Modele/connexionbdd.php on line 9
[06-Dec-2016 17:21:39 Europe/Paris] PHP Parse error:  syntax error, unexpected 'catch' (T_CATCH) in /home/UNIV-LYON1/p1506593/public_html/CPOA/PHP/Modele/connexionbdd.php on line 9
[06-Dec-2016 17:22:01 Europe/Paris] PHP Parse error:  syntax error, unexpected 'catch' (T_CATCH) in /home/UNIV-LYON1/p1506593/public_html/CPOA/PHP/Modele/connexionbdd.php on line 9
[06-Dec-2016 17:22:01 Europe/Paris] PHP Parse error:  syntax error, unexpected 'catch' (T_CATCH) in /home/UNIV-LYON1/p1506593/public_html/CPOA/PHP/Modele/connexionbdd.php on line 9
[06-Dec-2016 17:22:02 Europe/Paris] PHP Parse error:  syntax error, unexpected 'catch' (T_CATCH) in /home/UNIV-LYON1/p1506593/public_html/CPOA/PHP/Modele/connexionbdd.php on line 9
[06-Dec-2016 17:22:02 Europe/Paris] PHP Parse error:  syntax error, unexpected 'catch' (T_CATCH) in /home/UNIV-LYON1/p1506593/public_html/CPOA/PHP/Modele/connexionbdd.php on line 9
[06-Dec-2016 17:22:02 Europe/Paris] PHP Parse error:  syntax error, unexpected 'catch' (T_CATCH) in /home/UNIV-LYON1/p1506593/public_html/CPOA/PHP/Modele/connexionbdd.php on line 9
[06-Dec-2016 17:22:02 Europe/Paris] PHP Parse error:  syntax error, unexpected 'catch' (T_CATCH) in /home/UNIV-LYON1/p1506593/public_html/CPOA/PHP/Modele/connexionbdd.php on line 9
[06-Dec-2016 17:22:02 Europe/Paris] PHP Parse error:  syntax error, unexpected 'catch' (T_CATCH) in /home/UNIV-LYON1/p1506593/public_html/CPOA/PHP/Modele/connexionbdd.php on line 9
[06-Dec-2016 17:23:33 Europe/Paris] PHP Parse error:  syntax error, unexpected 'catch' (T_CATCH) in /home/UNIV-LYON1/p1506593/public_html/CPOA/PHP/Modele/connexionbdd.php on line 9
[06-Dec-2016 17:23:34 Europe/Paris] PHP Parse error:  syntax error, unexpected 'catch' (T_CATCH) in /home/UNIV-LYON1/p1506593/public_html/CPOA/PHP/Modele/connexionbdd.php on line 9
[06-Dec-2016 17:23:34 Europe/Paris] PHP Parse error:  syntax error, unexpected 'catch' (T_CATCH) in /home/UNIV-LYON1/p1506593/public_html/CPOA/PHP/Modele/connexionbdd.php on line 9
[06-Dec-2016 17:23:34 Europe/Paris] PHP Parse error:  syntax error, unexpected 'catch' (T_CATCH) in /home/UNIV-LYON1/p1506593/public_html/CPOA/PHP/Modele/connexionbdd.php on line 9
[06-Dec-2016 17:23:34 Europe/Paris] PHP Parse error:  syntax error, unexpected 'catch' (T_CATCH) in /home/UNIV-LYON1/p1506593/public_html/CPOA/PHP/Modele/connexionbdd.php on line 9
[06-Dec-2016 17:23:34 Europe/Paris] PHP Parse error:  syntax error, unexpected 'catch' (T_CATCH) in /home/UNIV-LYON1/p1506593/public_html/CPOA/PHP/Modele/connexionbdd.php on line 9
[06-Dec-2016 17:23:35 Europe/Paris] PHP Parse error:  syntax error, unexpected 'catch' (T_CATCH) in /home/UNIV-LYON1/p1506593/public_html/CPOA/PHP/Modele/connexionbdd.php on line 9
[06-Dec-2016 17:24:29 Europe/Paris] PHP Parse error:  syntax error, unexpected 'catch' (T_CATCH) in /home/UNIV-LYON1/p1506593/public_html/CPOA/PHP/Modele/connexionbdd.php on line 9
[06-Dec-2016 17:24:39 Europe/Paris] PHP Parse error:  syntax error, unexpected 'catch' (T_CATCH) in /home/UNIV-LYON1/p1506593/public_html/CPOA/PHP/Modele/connexionbdd.php on line 9
[06-Dec-2016 17:27:29 Europe/Paris] PHP Warning:  require_once(Modele/connexionbdd.php): failed to open stream: No such file or directory in /home/UNIV-LYON1/p1506593/public_html/CPOA/PHP/index.php on line 2
[06-Dec-2016 17:27:29 Europe/Paris] PHP Fatal error:  require_once(): Failed opening required 'Modele/connexionbdd.php' (include_path='.:/usr/share/php:/usr/share/pear') in /home/UNIV-LYON1/p1506593/public_html/CPOA/PHP/index.php on line 2
[06-Dec-2016 17:28:15 Europe/Paris] PHP Warning:  require_once(Modele/connexionbdd.php): failed to open stream: No such file or directory in /home/UNIV-LYON1/p1506593/public_html/CPOA/PHP/index.php on line 2
[06-Dec-2016 17:28:15 Europe/Paris] PHP Fatal error:  require_once(): Failed opening required 'Modele/connexionbdd.php' (include_path='.:/usr/share/php:/usr/share/pear') in /home/UNIV-LYON1/p1506593/public_html/CPOA/PHP/index.php on line 2
[06-Dec-2016 17:28:20 Europe/Paris] PHP Warning:  require_once(Modele/connexionbdd.php): failed to open stream: No such file or directory in /home/UNIV-LYON1/p1506593/public_html/CPOA/PHP/index.php on line 2
[06-Dec-2016 17:28:20 Europe/Paris] PHP Fatal error:  require_once(): Failed opening required 'Modele/connexionbdd.php' (include_path='.:/usr/share/php:/usr/share/pear') in /home/UNIV-LYON1/p1506593/public_html/CPOA/PHP/index.php on line 2
[06-Dec-2016 17:28:28 Europe/Paris] PHP Warning:  require_once(Modele/connexionbdd.php): failed to open stream: No such file or directory in /home/UNIV-LYON1/p1506593/public_html/CPOA/PHP/index.php on line 2
[06-Dec-2016 17:28:28 Europe/Paris] PHP Fatal error:  require_once(): Failed opening required 'Modele/connexionbdd.php' (include_path='.:/usr/share/php:/usr/share/pear') in /home/UNIV-LYON1/p1506593/public_html/CPOA/PHP/index.php on line 2
[06-Dec-2016 17:28:38 Europe/Paris] PHP Warning:  require_once(Modele/connexionbdd.php): failed to open stream: No such file or directory in /home/UNIV-LYON1/p1506593/public_html/CPOA/PHP/index.php on line 2
[06-Dec-2016 17:28:38 Europe/Paris] PHP Fatal error:  require_once(): Failed opening required 'Modele/connexionbdd.php' (include_path='.:/usr/share/php:/usr/share/pear') in /home/UNIV-LYON1/p1506593/public_html/CPOA/PHP/index.php on line 2
[06-Dec-2016 17:29:08 Europe/Paris] PHP Warning:  require_once(Modele/connexionbdd.php): failed to open stream: No such file or directory in /home/UNIV-LYON1/p1506593/public_html/CPOA/PHP/index.php on line 2
[06-Dec-2016 17:29:08 Europe/Paris] PHP Fatal error:  require_once(): Failed opening required 'Modele/connexionbdd.php' (include_path='.:/usr/share/php:/usr/share/pear') in /home/UNIV-LYON1/p1506593/public_html/CPOA/PHP/index.php on line 2
[06-Dec-2016 17:29:09 Europe/Paris] PHP Warning:  require_once(Modele/connexionbdd.php): failed to open stream: No such file or directory in /home/UNIV-LYON1/p1506593/public_html/CPOA/PHP/index.php on line 2
[06-Dec-2016 17:29:09 Europe/Paris] PHP Fatal error:  require_once(): Failed opening required 'Modele/connexionbdd.php' (include_path='.:/usr/share/php:/usr/share/pear') in /home/UNIV-LYON1/p1506593/public_html/CPOA/PHP/index.php on line 2
[06-Dec-2016 17:29:09 Europe/Paris] PHP Warning:  require_once(Modele/connexionbdd.php): failed to open stream: No such file or directory in /home/UNIV-LYON1/p1506593/public_html/CPOA/PHP/index.php on line 2
[06-Dec-2016 17:29:09 Europe/Paris] PHP Fatal error:  require_once(): Failed opening required 'Modele/connexionbdd.php' (include_path='.:/usr/share/php:/usr/share/pear') in /home/UNIV-LYON1/p1506593/public_html/CPOA/PHP/index.php on line 2
[06-Dec-2016 17:29:09 Europe/Paris] PHP Warning:  require_once(Modele/connexionbdd.php): failed to open stream: No such file or directory in /home/UNIV-LYON1/p1506593/public_html/CPOA/PHP/index.php on line 2
[06-Dec-2016 17:29:09 Europe/Paris] PHP Fatal error:  require_once(): Failed opening required 'Modele/connexionbdd.php' (include_path='.:/usr/share/php:/usr/share/pear') in /home/UNIV-LYON1/p1506593/public_html/CPOA/PHP/index.php on line 2
[06-Dec-2016 17:29:12 Europe/Paris] PHP Warning:  require_once(Modele/connexionbdd.php): failed to open stream: No such file or directory in /home/UNIV-LYON1/p1506593/public_html/CPOA/PHP/index.php on line 2
[06-Dec-2016 17:29:12 Europe/Paris] PHP Fatal error:  require_once(): Failed opening required 'Modele/connexionbdd.php' (include_path='.:/usr/share/php:/usr/share/pear') in /home/UNIV-LYON1/p1506593/public_html/CPOA/PHP/index.php on line 2
[03-Jan-2017 08:43:27 Europe/Paris] PHP Warning:  require_once(../Vue/pageConnexion.php): failed to open stream: No such file or directory in /home/UNIV-LYON1/p1506593/public_html/CPOA/PHP/Controleur/controleurConnexion.php on line 6
[03-Jan-2017 08:43:27 Europe/Paris] PHP Fatal error:  require_once(): Failed opening required '../Vue/pageConnexion.php' (include_path='.:/usr/share/php:/usr/share/pear') in /home/UNIV-LYON1/p1506593/public_html/CPOA/PHP/Controleur/controleurConnexion.php on line 6
[03-Jan-2017 08:55:31 Europe/Paris] PHP Notice:  Undefined index: page in /home/UNIV-LYON1/p1506593/public_html/CPOA/PHP/index.php on line 2
[03-Jan-2017 08:56:27 Europe/Paris] PHP Parse error:  syntax error, unexpected '{' in /home/UNIV-LYON1/p1506593/public_html/CPOA/PHP/index.php on line 3
[03-Jan-2017 08:56:49 Europe/Paris] PHP Warning:  require_once(../Modele/bdd.php): failed to open stream: No such file or directory in /home/UNIV-LYON1/p1506593/public_html/CPOA/PHP/Controleur/controleurConnexion.php on line 2
[03-Jan-2017 08:56:49 Europe/Paris] PHP Fatal error:  require_once(): Failed opening required '../Modele/bdd.php' (include_path='.:/usr/share/php:/usr/share/pear') in /home/UNIV-LYON1/p1506593/public_html/CPOA/PHP/Controleur/controleurConnexion.php on line 2
[03-Jan-2017 09:04:40 Europe/Paris] PHP Fatal error:  Class 'VIP' not found in /home/UNIV-LYON1/p1506593/public_html/CPOA/PHP/Controleur/controleurAjoutVIP.php on line 21
[03-Jan-2017 09:05:26 Europe/Paris] PHP Parse error:  syntax error, unexpected 'function' (T_FUNCTION) in /home/UNIV-LYON1/p1506593/public_html/CPOA/PHP/Modele/modeleVIP.php on line 5
[03-Jan-2017 09:05:40 Europe/Paris] PHP Notice:  Undefined variable: bdd in /home/UNIV-LYON1/p1506593/public_html/CPOA/PHP/Modele/modeleVIP.php on line 10
[03-Jan-2017 09:05:40 Europe/Paris] PHP Fatal error:  Call to a member function prepare() on a non-object in /home/UNIV-LYON1/p1506593/public_html/CPOA/PHP/Modele/modeleVIP.php on line 10
[03-Jan-2017 09:06:08 Europe/Paris] PHP Warning:  PDOStatement::execute(): SQLSTATE[HY093]: Invalid parameter number: parameter was not defined in /home/UNIV-LYON1/p1506593/public_html/CPOA/PHP/Modele/modeleVIP.php on line 20
[03-Jan-2017 09:08:46 Europe/Paris] PHP Warning:  PDOStatement::execute(): SQLSTATE[HY093]: Invalid parameter number: parameter was not defined in /home/UNIV-LYON1/p1506593/public_html/CPOA/PHP/Modele/modeleVIP.php on line 20
[03-Jan-2017 09:08:48 Europe/Paris] PHP Notice:  Undefined variable: _SESSION in /home/UNIV-LYON1/p1506593/public_html/CPOA/PHP/Vue/accueil.php on line 23
[03-Jan-2017 09:09:41 Europe/Paris] PHP Parse error:  syntax error, unexpected '"Utilisateur connecté : "' (T_CONSTANT_ENCAPSED_STRING) in /home/UNIV-LYON1/p1506593/public_html/CPOA/PHP/Vue/accueil.php on line 23
[03-Jan-2017 09:35:32 Europe/Paris] PHP Warning:  require(Controleur/controleurModificationVIP.php): failed to open stream: No such file or directory in /home/UNIV-LYON1/p1506593/public_html/CPOA/PHP/index.php on line 23
[03-Jan-2017 09:35:32 Europe/Paris] PHP Fatal error:  require(): Failed opening required 'Controleur/controleurModificationVIP.php' (include_path='.:/usr/share/php:/usr/share/pear') in /home/UNIV-LYON1/p1506593/public_html/CPOA/PHP/index.php on line 23
[03-Jan-2017 09:37:50 Europe/Paris] PHP Fatal error:  Call to undefined function fetchAll() in /home/UNIV-LYON1/p1506593/public_html/CPOA/PHP/Modele/modeleVIP.php on line 51
[03-Jan-2017 09:38:00 Europe/Paris] PHP Fatal error:  Call to undefined function fetch() in /home/UNIV-LYON1/p1506593/public_html/CPOA/PHP/Modele/modeleVIP.php on line 51
[03-Jan-2017 09:45:20 Europe/Paris] PHP Warning:  Missing argument 1 for VIP::__construct() in /home/UNIV-LYON1/p1506593/public_html/CPOA/PHP/Classes/VIP.php on line 13
[03-Jan-2017 09:45:20 Europe/Paris] PHP Warning:  Missing argument 2 for VIP::__construct() in /home/UNIV-LYON1/p1506593/public_html/CPOA/PHP/Classes/VIP.php on line 13
[03-Jan-2017 09:45:20 Europe/Paris] PHP Warning:  Missing argument 3 for VIP::__construct() in /home/UNIV-LYON1/p1506593/public_html/CPOA/PHP/Classes/VIP.php on line 13
[03-Jan-2017 09:45:20 Europe/Paris] PHP Warning:  Missing argument 4 for VIP::__construct() in /home/UNIV-LYON1/p1506593/public_html/CPOA/PHP/Classes/VIP.php on line 13
[03-Jan-2017 09:45:20 Europe/Paris] PHP Warning:  Missing argument 5 for VIP::__construct() in /home/UNIV-LYON1/p1506593/public_html/CPOA/PHP/Classes/VIP.php on line 13
[03-Jan-2017 09:45:20 Europe/Paris] PHP Warning:  Missing argument 6 for VIP::__construct() in /home/UNIV-LYON1/p1506593/public_html/CPOA/PHP/Classes/VIP.php on line 13
[03-Jan-2017 09:45:20 Europe/Paris] PHP Warning:  Missing argument 7 for VIP::__construct() in /home/UNIV-LYON1/p1506593/public_html/CPOA/PHP/Classes/VIP.php on line 13
[03-Jan-2017 09:45:20 Europe/Paris] PHP Notice:  Undefined variable: nom in /home/UNIV-LYON1/p1506593/public_html/CPOA/PHP/Classes/VIP.php on line 15
[03-Jan-2017 09:45:20 Europe/Paris] PHP Notice:  Undefined variable: prenom in /home/UNIV-LYON1/p1506593/public_html/CPOA/PHP/Classes/VIP.php on line 16
[03-Jan-2017 09:45:20 Europe/Paris] PHP Notice:  Undefined variable: photo in /home/UNIV-LYON1/p1506593/public_html/CPOA/PHP/Classes/VIP.php on line 17
[03-Jan-2017 09:45:20 Europe/Paris] PHP Notice:  Undefined variable: priorite in /home/UNIV-LYON1/p1506593/public_html/CPOA/PHP/Classes/VIP.php on line 18
[03-Jan-2017 09:45:20 Europe/Paris] PHP Notice:  Undefined variable: dateNaissance in /home/UNIV-LYON1/p1506593/public_html/CPOA/PHP/Classes/VIP.php on line 19
[03-Jan-2017 09:45:20 Europe/Paris] PHP Notice:  Undefined variable: nationalite in /home/UNIV-LYON1/p1506593/public_html/CPOA/PHP/Classes/VIP.php on line 20
[03-Jan-2017 09:45:20 Europe/Paris] PHP Notice:  Undefined variable: typeVIP in /home/UNIV-LYON1/p1506593/public_html/CPOA/PHP/Classes/VIP.php on line 21
[03-Jan-2017 09:45:20 Europe/Paris] PHP Warning:  Missing argument 1 for VIP::__construct() in /home/UNIV-LYON1/p1506593/public_html/CPOA/PHP/Classes/VIP.php on line 13
[03-Jan-2017 09:45:20 Europe/Paris] PHP Warning:  Missing argument 2 for VIP::__construct() in /home/UNIV-LYON1/p1506593/public_html/CPOA/PHP/Classes/VIP.php on line 13
[03-Jan-2017 09:45:20 Europe/Paris] PHP Warning:  Missing argument 3 for VIP::__construct() in /home/UNIV-LYON1/p1506593/public_html/CPOA/PHP/Classes/VIP.php on line 13
[03-Jan-2017 09:45:20 Europe/Paris] PHP Warning:  Missing argument 4 for VIP::__construct() in /home/UNIV-LYON1/p1506593/public_html/CPOA/PHP/Classes/VIP.php on line 13
[03-Jan-2017 09:45:20 Europe/Paris] PHP Warning:  Missing argument 5 for VIP::__construct() in /home/UNIV-LYON1/p1506593/public_html/CPOA/PHP/Classes/VIP.php on line 13
[03-Jan-2017 09:45:20 Europe/Paris] PHP Warning:  Missing argument 6 for VIP::__construct() in /home/UNIV-LYON1/p1506593/public_html/CPOA/PHP/Classes/VIP.php on line 13
[03-Jan-2017 09:45:20 Europe/Paris] PHP Warning:  Missing argument 7 for VIP::__construct() in /home/UNIV-LYON1/p1506593/public_html/CPOA/PHP/Classes/VIP.php on line 13
[03-Jan-2017 09:45:20 Europe/Paris] PHP Notice:  Undefined variable: nom in /home/UNIV-LYON1/p1506593/public_html/CPOA/PHP/Classes/VIP.php on line 15
[03-Jan-2017 09:45:20 Europe/Paris] PHP Notice:  Undefined variable: prenom in /home/UNIV-LYON1/p1506593/public_html/CPOA/PHP/Classes/VIP.php on line 16
[03-Jan-2017 09:45:20 Europe/Paris] PHP Notice:  Undefined variable: photo in /home/UNIV-LYON1/p1506593/public_html/CPOA/PHP/Classes/VIP.php on line 17
[03-Jan-2017 09:45:20 Europe/Paris] PHP Notice:  Undefined variable: priorite in /home/UNIV-LYON1/p1506593/public_html/CPOA/PHP/Classes/VIP.php on line 18
[03-Jan-2017 09:45:20 Europe/Paris] PHP Notice:  Undefined variable: dateNaissance in /home/UNIV-LYON1/p1506593/public_html/CPOA/PHP/Classes/VIP.php on line 19
[03-Jan-2017 09:45:20 Europe/Paris] PHP Notice:  Undefined variable: nationalite in /home/UNIV-LYON1/p1506593/public_html/CPOA/PHP/Classes/VIP.php on line 20
[03-Jan-2017 09:45:20 Europe/Paris] PHP Notice:  Undefined variable: typeVIP in /home/UNIV-LYON1/p1506593/public_html/CPOA/PHP/Classes/VIP.php on line 21
[03-Jan-2017 09:45:20 Europe/Paris] PHP Warning:  Missing argument 1 for VIP::__construct() in /home/UNIV-LYON1/p1506593/public_html/CPOA/PHP/Classes/VIP.php on line 13
[03-Jan-2017 09:45:20 Europe/Paris] PHP Warning:  Missing argument 2 for VIP::__construct() in /home/UNIV-LYON1/p1506593/public_html/CPOA/PHP/Classes/VIP.php on line 13
[03-Jan-2017 09:45:20 Europe/Paris] PHP Warning:  Missing argument 3 for VIP::__construct() in /home/UNIV-LYON1/p1506593/public_html/CPOA/PHP/Classes/VIP.php on line 13
[03-Jan-2017 09:45:20 Europe/Paris] PHP Warning:  Missing argument 4 for VIP::__construct() in /home/UNIV-LYON1/p1506593/public_html/CPOA/PHP/Classes/VIP.php on line 13
[03-Jan-2017 09:45:20 Europe/Paris] PHP Warning:  Missing argument 5 for VIP::__construct() in /home/UNIV-LYON1/p1506593/public_html/CPOA/PHP/Classes/VIP.php on line 13
[03-Jan-2017 09:45:20 Europe/Paris] PHP Warning:  Missing argument 6 for VIP::__construct() in /home/UNIV-LYON1/p1506593/public_html/CPOA/PHP/Classes/VIP.php on line 13
[03-Jan-2017 09:45:20 Europe/Paris] PHP Warning:  Missing argument 7 for VIP::__construct() in /home/UNIV-LYON1/p1506593/public_html/CPOA/PHP/Classes/VIP.php on line 13
[03-Jan-2017 09:45:20 Europe/Paris] PHP Notice:  Undefined variable: nom in /home/UNIV-LYON1/p1506593/public_html/CPOA/PHP/Classes/VIP.php on line 15
[03-Jan-2017 09:45:20 Europe/Paris] PHP Notice:  Undefined variable: prenom in /home/UNIV-LYON1/p1506593/public_html/CPOA/PHP/Classes/VIP.php on line 16
[03-Jan-2017 09:45:20 Europe/Paris] PHP Notice:  Undefined variable: photo in /home/UNIV-LYON1/p1506593/public_html/CPOA/PHP/Classes/VIP.php on line 17
[03-Jan-2017 09:45:20 Europe/Paris] PHP Notice:  Undefined variable: priorite in /home/UNIV-LYON1/p1506593/public_html/CPOA/PHP/Classes/VIP.php on line 18
[03-Jan-2017 09:45:20 Europe/Paris] PHP Notice:  Undefined variable: dateNaissance in /home/UNIV-LYON1/p1506593/public_html/CPOA/PHP/Classes/VIP.php on line 19
[03-Jan-2017 09:45:20 Europe/Paris] PHP Notice:  Undefined variable: nationalite in /home/UNIV-LYON1/p1506593/public_html/CPOA/PHP/Classes/VIP.php on line 20
[03-Jan-2017 09:45:20 Europe/Paris] PHP Notice:  Undefined variable: typeVIP in /home/UNIV-LYON1/p1506593/public_html/CPOA/PHP/Classes/VIP.php on line 21
[03-Jan-2017 09:45:20 Europe/Paris] PHP Warning:  Missing argument 1 for VIP::__construct() in /home/UNIV-LYON1/p1506593/public_html/CPOA/PHP/Classes/VIP.php on line 13
[03-Jan-2017 09:45:20 Europe/Paris] PHP Warning:  Missing argument 2 for VIP::__construct() in /home/UNIV-LYON1/p1506593/public_html/CPOA/PHP/Classes/VIP.php on line 13
[03-Jan-2017 09:45:20 Europe/Paris] PHP Warning:  Missing argument 3 for VIP::__construct() in /home/UNIV-LYON1/p1506593/public_html/CPOA/PHP/Classes/VIP.php on line 13
[03-Jan-2017 09:45:20 Europe/Paris] PHP Warning:  Missing argument 4 for VIP::__construct() in /home/UNIV-LYON1/p1506593/public_html/CPOA/PHP/Classes/VIP.php on line 13
[03-Jan-2017 09:45:20 Europe/Paris] PHP Warning:  Missing argument 5 for VIP::__construct() in /home/UNIV-LYON1/p1506593/public_html/CPOA/PHP/Classes/VIP.php on line 13
[03-Jan-2017 09:45:20 Europe/Paris] PHP Warning:  Missing argument 6 for VIP::__construct() in /home/UNIV-LYON1/p1506593/public_html/CPOA/PHP/Classes/VIP.php on line 13
[03-Jan-2017 09:45:20 Europe/Paris] PHP Warning:  Missing argument 7 for VIP::__construct() in /home/UNIV-LYON1/p1506593/public_html/CPOA/PHP/Classes/VIP.php on line 13
[03-Jan-2017 09:45:20 Europe/Paris] PHP Notice:  Undefined variable: nom in /home/UNIV-LYON1/p1506593/public_html/CPOA/PHP/Classes/VIP.php on line 15
[03-Jan-2017 09:45:20 Europe/Paris] PHP Notice:  Undefined variable: prenom in /home/UNIV-LYON1/p1506593/public_html/CPOA/PHP/Classes/VIP.php on line 16
[03-Jan-2017 09:45:20 Europe/Paris] PHP Notice:  Undefined variable: photo in /home/UNIV-LYON1/p1506593/public_html/CPOA/PHP/Classes/VIP.php on line 17
[03-Jan-2017 09:45:20 Europe/Paris] PHP Notice:  Undefined variable: priorite in /home/UNIV-LYON1/p1506593/public_html/CPOA/PHP/Classes/VIP.php on line 18
[03-Jan-2017 09:45:20 Europe/Paris] PHP Notice:  Undefined variable: dateNaissance in /home/UNIV-LYON1/p1506593/public_html/CPOA/PHP/Classes/VIP.php on line 19
[03-Jan-2017 09:45:20 Europe/Paris] PHP Notice:  Undefined variable: nationalite in /home/UNIV-LYON1/p1506593/public_html/CPOA/PHP/Classes/VIP.php on line 20
[03-Jan-2017 09:45:20 Europe/Paris] PHP Notice:  Undefined variable: typeVIP in /home/UNIV-LYON1/p1506593/public_html/CPOA/PHP/Classes/VIP.php on line 21
[03-Jan-2017 09:45:20 Europe/Paris] PHP Warning:  Missing argument 1 for VIP::__construct() in /home/UNIV-LYON1/p1506593/public_html/CPOA/PHP/Classes/VIP.php on line 13
[03-Jan-2017 09:45:20 Europe/Paris] PHP Warning:  Missing argument 2 for VIP::__construct() in /home/UNIV-LYON1/p1506593/public_html/CPOA/PHP/Classes/VIP.php on line 13
[03-Jan-2017 09:45:20 Europe/Paris] PHP Warning:  Missing argument 3 for VIP::__construct() in /home/UNIV-LYON1/p1506593/public_html/CPOA/PHP/Classes/VIP.php on line 13
[03-Jan-2017 09:45:20 Europe/Paris] PHP Warning:  Missing argument 4 for VIP::__construct() in /home/UNIV-LYON1/p1506593/public_html/CPOA/PHP/Classes/VIP.php on line 13
[03-Jan-2017 09:45:20 Europe/Paris] PHP Warning:  Missing argument 5 for VIP::__construct() in /home/UNIV-LYON1/p1506593/public_html/CPOA/PHP/Classes/VIP.php on line 13
[03-Jan-2017 09:45:20 Europe/Paris] PHP Warning:  Missing argument 6 for VIP::__construct() in /home/UNIV-LYON1/p1506593/public_html/CPOA/PHP/Classes/VIP.php on line 13
[03-Jan-2017 09:45:20 Europe/Paris] PHP Warning:  Missing argument 7 for VIP::__construct() in /home/UNIV-LYON1/p1506593/public_html/CPOA/PHP/Classes/VIP.php on line 13
[03-Jan-2017 09:45:20 Europe/Paris] PHP Notice:  Undefined variable: nom in /home/UNIV-LYON1/p1506593/public_html/CPOA/PHP/Classes/VIP.php on line 15
[03-Jan-2017 09:45:20 Europe/Paris] PHP Notice:  Undefined variable: prenom in /home/UNIV-LYON1/p1506593/public_html/CPOA/PHP/Classes/VIP.php on line 16
[03-Jan-2017 09:45:20 Europe/Paris] PHP Notice:  Undefined variable: photo in /home/UNIV-LYON1/p1506593/public_html/CPOA/PHP/Classes/VIP.php on line 17
[03-Jan-2017 09:45:20 Europe/Paris] PHP Notice:  Undefined variable: priorite in /home/UNIV-LYON1/p1506593/public_html/CPOA/PHP/Classes/VIP.php on line 18
[03-Jan-2017 09:45:20 Europe/Paris] PHP Notice:  Undefined variable: dateNaissance in /home/UNIV-LYON1/p1506593/public_html/CPOA/PHP/Classes/VIP.php on line 19
[03-Jan-2017 09:45:20 Europe/Paris] PHP Notice:  Undefined variable: nationalite in /home/UNIV-LYON1/p1506593/public_html/CPOA/PHP/Classes/VIP.php on line 20
[03-Jan-2017 09:45:20 Europe/Paris] PHP Notice:  Undefined variable: typeVIP in /home/UNIV-LYON1/p1506593/public_html/CPOA/PHP/Classes/VIP.php on line 21
[03-Jan-2017 09:45:20 Europe/Paris] PHP Warning:  Missing argument 1 for VIP::__construct() in /home/UNIV-LYON1/p1506593/public_html/CPOA/PHP/Classes/VIP.php on line 13
[03-Jan-2017 09:45:20 Europe/Paris] PHP Warning:  Missing argument 2 for VIP::__construct() in /home/UNIV-LYON1/p1506593/public_html/CPOA/PHP/Classes/VIP.php on line 13
[03-Jan-2017 09:45:20 Europe/Paris] PHP Warning:  Missing argument 3 for VIP::__construct() in /home/UNIV-LYON1/p1506593/public_html/CPOA/PHP/Classes/VIP.php on line 13
[03-Jan-2017 09:45:20 Europe/Paris] PHP Warning:  Missing argument 4 for VIP::__construct() in /home/UNIV-LYON1/p1506593/public_html/CPOA/PHP/Classes/VIP.php on line 13
[03-Jan-2017 09:45:20 Europe/Paris] PHP Warning:  Missing argument 5 for VIP::__construct() in /home/UNIV-LYON1/p1506593/public_html/CPOA/PHP/Classes/VIP.php on line 13
[03-Jan-2017 09:45:20 Europe/Paris] PHP Warning:  Missing argument 6 for VIP::__construct() in /home/UNIV-LYON1/p1506593/public_html/CPOA/PHP/Classes/VIP.php on line 13
[03-Jan-2017 09:45:20 Europe/Paris] PHP Warning:  Missing argument 7 for VIP::__construct() in /home/UNIV-LYON1/p1506593/public_html/CPOA/PHP/Classes/VIP.php on line 13
[03-Jan-2017 09:45:20 Europe/Paris] PHP Notice:  Undefined variable: nom in /home/UNIV-LYON1/p1506593/public_html/CPOA/PHP/Classes/VIP.php on line 15
[03-Jan-2017 09:45:20 Europe/Paris] PHP Notice:  Undefined variable: prenom in /home/UNIV-LYON1/p1506593/public_html/CPOA/PHP/Classes/VIP.php on line 16
[03-Jan-2017 09:45:20 Europe/Paris] PHP Notice:  Undefined variable: photo in /home/UNIV-LYON1/p1506593/public_html/CPOA/PHP/Classes/VIP.php on line 17
[03-Jan-2017 09:45:20 Europe/Paris] PHP Notice:  Undefined variable: priorite in /home/UNIV-LYON1/p1506593/public_html/CPOA/PHP/Classes/VIP.php on line 18
[03-Jan-2017 09:45:20 Europe/Paris] PHP Notice:  Undefined variable: dateNaissance in /home/UNIV-LYON1/p1506593/public_html/CPOA/PHP/Classes/VIP.php on line 19
[03-Jan-2017 09:45:20 Europe/Paris] PHP Notice:  Undefined variable: nationalite in /home/UNIV-LYON1/p1506593/public_html/CPOA/PHP/Classes/VIP.php on line 20
[03-Jan-2017 09:45:20 Europe/Paris] PHP Notice:  Undefined variable: typeVIP in /home/UNIV-LYON1/p1506593/public_html/CPOA/PHP/Classes/VIP.php on line 21
[03-Jan-2017 09:45:20 Europe/Paris] PHP Warning:  Missing argument 1 for VIP::__construct() in /home/UNIV-LYON1/p1506593/public_html/CPOA/PHP/Classes/VIP.php on line 13
[03-Jan-2017 09:45:20 Europe/Paris] PHP Warning:  Missing argument 2 for VIP::__construct() in /home/UNIV-LYON1/p1506593/public_html/CPOA/PHP/Classes/VIP.php on line 13
[03-Jan-2017 09:45:20 Europe/Paris] PHP Warning:  Missing argument 3 for VIP::__construct() in /home/UNIV-LYON1/p1506593/public_html/CPOA/PHP/Classes/VIP.php on line 13
[03-Jan-2017 09:45:20 Europe/Paris] PHP Warning:  Missing argument 4 for VIP::__construct() in /home/UNIV-LYON1/p1506593/public_html/CPOA/PHP/Classes/VIP.php on line 13
[03-Jan-2017 09:45:20 Europe/Paris] PHP Warning:  Missing argument 5 for VIP::__construct() in /home/UNIV-LYON1/p1506593/public_html/CPOA/PHP/Classes/VIP.php on line 13
[03-Jan-2017 09:45:20 Europe/Paris] PHP Warning:  Missing argument 6 for VIP::__construct() in /home/UNIV-LYON1/p1506593/public_html/CPOA/PHP/Classes/VIP.php on line 13
[03-Jan-2017 09:45:20 Europe/Paris] PHP Warning:  Missing argument 7 for VIP::__construct() in /home/UNIV-LYON1/p1506593/public_html/CPOA/PHP/Classes/VIP.php on line 13
[03-Jan-2017 09:45:20 Europe/Paris] PHP Notice:  Undefined variable: nom in /home/UNIV-LYON1/p1506593/public_html/CPOA/PHP/Classes/VIP.php on line 15
[03-Jan-2017 09:45:20 Europe/Paris] PHP Notice:  Undefined variable: prenom in /home/UNIV-LYON1/p1506593/public_html/CPOA/PHP/Classes/VIP.php on line 16
[03-Jan-2017 09:45:20 Europe/Paris] PHP Notice:  Undefined variable: photo in /home/UNIV-LYON1/p1506593/public_html/CPOA/PHP/Classes/VIP.php on line 17
[03-Jan-2017 09:45:20 Europe/Paris] PHP Notice:  Undefined variable: priorite in /home/UNIV-LYON1/p1506593/public_html/CPOA/PHP/Classes/VIP.php on line 18
[03-Jan-2017 09:45:20 Europe/Paris] PHP Notice:  Undefined variable: dateNaissance in /home/UNIV-LYON1/p1506593/public_html/CPOA/PHP/Classes/VIP.php on line 19
[03-Jan-2017 09:45:20 Europe/Paris] PHP Notice:  Undefined variable: nationalite in /home/UNIV-LYON1/p1506593/public_html/CPOA/PHP/Classes/VIP.php on line 20
[03-Jan-2017 09:45:20 Europe/Paris] PHP Notice:  Undefined variable: typeVIP in /home/UNIV-LYON1/p1506593/public_html/CPOA/PHP/Classes/VIP.php on line 21
[03-Jan-2017 09:45:20 Europe/Paris] PHP Warning:  Missing argument 1 for VIP::__construct() in /home/UNIV-LYON1/p1506593/public_html/CPOA/PHP/Classes/VIP.php on line 13
[03-Jan-2017 09:45:20 Europe/Paris] PHP Warning:  Missing argument 2 for VIP::__construct() in /home/UNIV-LYON1/p1506593/public_html/CPOA/PHP/Classes/VIP.php on line 13
[03-Jan-2017 09:45:20 Europe/Paris] PHP Warning:  Missing argument 3 for VIP::__construct() in /home/UNIV-LYON1/p1506593/public_html/CPOA/PHP/Classes/VIP.php on line 13
[03-Jan-2017 09:45:20 Europe/Paris] PHP Warning:  Missing argument 4 for VIP::__construct() in /home/UNIV-LYON1/p1506593/public_html/CPOA/PHP/Classes/VIP.php on line 13
[03-Jan-2017 09:45:20 Europe/Paris] PHP Warning:  Missing argument 5 for VIP::__construct() in /home/UNIV-LYON1/p1506593/public_html/CPOA/PHP/Classes/VIP.php on line 13
[03-Jan-2017 09:45:20 Europe/Paris] PHP Warning:  Missing argument 6 for VIP::__construct() in /home/UNIV-LYON1/p1506593/public_html/CPOA/PHP/Classes/VIP.php on line 13
[03-Jan-2017 09:45:20 Europe/Paris] PHP Warning:  Missing argument 7 for VIP::__construct() in /home/UNIV-LYON1/p1506593/public_html/CPOA/PHP/Classes/VIP.php on line 13
[03-Jan-2017 09:45:20 Europe/Paris] PHP Notice:  Undefined variable: nom in /home/UNIV-LYON1/p1506593/public_html/CPOA/PHP/Classes/VIP.php on line 15
[03-Jan-2017 09:45:20 Europe/Paris] PHP Notice:  Undefined variable: prenom in /home/UNIV-LYON1/p1506593/public_html/CPOA/PHP/Classes/VIP.php on line 16
[03-Jan-2017 09:45:20 Europe/Paris] PHP Notice:  Undefined variable: photo in /home/UNIV-LYON1/p1506593/public_html/CPOA/PHP/Classes/VIP.php on line 17
[03-Jan-2017 09:45:20 Europe/Paris] PHP Notice:  Undefined variable: priorite in /home/UNIV-LYON1/p1506593/public_html/CPOA/PHP/Classes/VIP.php on line 18
[03-Jan-2017 09:45:20 Europe/Paris] PHP Notice:  Undefined variable: dateNaissance in /home/UNIV-LYON1/p1506593/public_html/CPOA/PHP/Classes/VIP.php on line 19
[03-Jan-2017 09:45:20 Europe/Paris] PHP Notice:  Undefined variable: nationalite in /home/UNIV-LYON1/p1506593/public_html/CPOA/PHP/Classes/VIP.php on line 20
[03-Jan-2017 09:45:20 Europe/Paris] PHP Notice:  Undefined variable: typeVIP in /home/UNIV-LYON1/p1506593/public_html/CPOA/PHP/Classes/VIP.php on line 21
[03-Jan-2017 09:45:20 Europe/Paris] PHP Warning:  Missing argument 1 for VIP::__construct() in /home/UNIV-LYON1/p1506593/public_html/CPOA/PHP/Classes/VIP.php on line 13
[03-Jan-2017 09:45:20 Europe/Paris] PHP Warning:  Missing argument 2 for VIP::__construct() in /home/UNIV-LYON1/p1506593/public_html/CPOA/PHP/Classes/VIP.php on line 13
[03-Jan-2017 09:45:20 Europe/Paris] PHP Warning:  Missing argument 3 for VIP::__construct() in /home/UNIV-LYON1/p1506593/public_html/CPOA/PHP/Classes/VIP.php on line 13
[03-Jan-2017 09:45:20 Europe/Paris] PHP Warning:  Missing argument 4 for VIP::__construct() in /home/UNIV-LYON1/p1506593/public_html/CPOA/PHP/Classes/VIP.php on line 13
[03-Jan-2017 09:45:20 Europe/Paris] PHP Warning:  Missing argument 5 for VIP::__construct() in /home/UNIV-LYON1/p1506593/public_html/CPOA/PHP/Classes/VIP.php on line 13
[03-Jan-2017 09:45:20 Europe/Paris] PHP Warning:  Missing argument 6 for VIP::__construct() in /home/UNIV-LYON1/p1506593/public_html/CPOA/PHP/Classes/VIP.php on line 13
[03-Jan-2017 09:45:20 Europe/Paris] PHP Warning:  Missing argument 7 for VIP::__construct() in /home/UNIV-LYON1/p1506593/public_html/CPOA/PHP/Classes/VIP.php on line 13
[03-Jan-2017 09:45:20 Europe/Paris] PHP Notice:  Undefined variable: nom in /home/UNIV-LYON1/p1506593/public_html/CPOA/PHP/Classes/VIP.php on line 15
[03-Jan-2017 09:45:20 Europe/Paris] PHP Notice:  Undefined variable: prenom in /home/UNIV-LYON1/p1506593/public_html/CPOA/PHP/Classes/VIP.php on line 16
[03-Jan-2017 09:45:20 Europe/Paris] PHP Notice:  Undefined variable: photo in /home/UNIV-LYON1/p1506593/public_html/CPOA/PHP/Classes/VIP.php on line 17
[03-Jan-2017 09:45:20 Europe/Paris] PHP Notice:  Undefined variable: priorite in /home/UNIV-LYON1/p1506593/public_html/CPOA/PHP/Classes/VIP.php on line 18
[03-Jan-2017 09:45:20 Europe/Paris] PHP Notice:  Undefined variable: dateNaissance in /home/UNIV-LYON1/p1506593/public_html/CPOA/PHP/Classes/VIP.php on line 19
[03-Jan-2017 09:45:20 Europe/Paris] PHP Notice:  Undefined variable: nationalite in /home/UNIV-LYON1/p1506593/public_html/CPOA/PHP/Classes/VIP.php on line 20
[03-Jan-2017 09:45:20 Europe/Paris] PHP Notice:  Undefined variable: typeVIP in /home/UNIV-LYON1/p1506593/public_html/CPOA/PHP/Classes/VIP.php on line 21
[03-Jan-2017 09:45:20 Europe/Paris] PHP Warning:  Missing argument 1 for VIP::__construct() in /home/UNIV-LYON1/p1506593/public_html/CPOA/PHP/Classes/VIP.php on line 13
[03-Jan-2017 09:45:20 Europe/Paris] PHP Warning:  Missing argument 2 for VIP::__construct() in /home/UNIV-LYON1/p1506593/public_html/CPOA/PHP/Classes/VIP.php on line 13
[03-Jan-2017 09:45:20 Europe/Paris] PHP Warning:  Missing argument 3 for VIP::__construct() in /home/UNIV-LYON1/p1506593/public_html/CPOA/PHP/Classes/VIP.php on line 13
[03-Jan-2017 09:45:20 Europe/Paris] PHP Warning:  Missing argument 4 for VIP::__construct() in /home/UNIV-LYON1/p1506593/public_html/CPOA/PHP/Classes/VIP.php on line 13
[03-Jan-2017 09:45:20 Europe/Paris] PHP Warning:  Missing argument 5 for VIP::__construct() in /home/UNIV-LYON1/p1506593/public_html/CPOA/PHP/Classes/VIP.php on line 13
[03-Jan-2017 09:45:20 Europe/Paris] PHP Warning:  Missing argument 6 for VIP::__construct() in /home/UNIV-LYON1/p1506593/public_html/CPOA/PHP/Classes/VIP.php on line 13
[03-Jan-2017 09:45:20 Europe/Paris] PHP Warning:  Missing argument 7 for VIP::__construct() in /home/UNIV-LYON1/p1506593/public_html/CPOA/PHP/Classes/VIP.php on line 13
[03-Jan-2017 09:45:20 Europe/Paris] PHP Notice:  Undefined variable: nom in /home/UNIV-LYON1/p1506593/public_html/CPOA/PHP/Classes/VIP.php on line 15
[03-Jan-2017 09:45:20 Europe/Paris] PHP Notice:  Undefined variable: prenom in /home/UNIV-LYON1/p1506593/public_html/CPOA/PHP/Classes/VIP.php on line 16
[03-Jan-2017 09:45:20 Europe/Paris] PHP Notice:  Undefined variable: photo in /home/UNIV-LYON1/p1506593/public_html/CPOA/PHP/Classes/VIP.php on line 17
[03-Jan-2017 09:45:20 Europe/Paris] PHP Notice:  Undefined variable: priorite in /home/UNIV-LYON1/p1506593/public_html/CPOA/PHP/Classes/VIP.php on line 18
[03-Jan-2017 09:45:20 Europe/Paris] PHP Notice:  Undefined variable: dateNaissance in /home/UNIV-LYON1/p1506593/public_html/CPOA/PHP/Classes/VIP.php on line 19
[03-Jan-2017 09:45:20 Europe/Paris] PHP Notice:  Undefined variable: nationalite in /home/UNIV-LYON1/p1506593/public_html/CPOA/PHP/Classes/VIP.php on line 20
[03-Jan-2017 09:45:20 Europe/Paris] PHP Notice:  Undefined variable: typeVIP in /home/UNIV-LYON1/p1506593/public_html/CPOA/PHP/Classes/VIP.php on line 21
[03-Jan-2017 09:46:27 Europe/Paris] PHP Warning:  Missing argument 1 for VIP::__construct() in /home/UNIV-LYON1/p1506593/public_html/CPOA/PHP/Classes/VIP.php on line 13
[03-Jan-2017 09:46:27 Europe/Paris] PHP Warning:  Missing argument 2 for VIP::__construct() in /home/UNIV-LYON1/p1506593/public_html/CPOA/PHP/Classes/VIP.php on line 13
[03-Jan-2017 09:46:27 Europe/Paris] PHP Warning:  Missing argument 3 for VIP::__construct() in /home/UNIV-LYON1/p1506593/public_html/CPOA/PHP/Classes/VIP.php on line 13
[03-Jan-2017 09:46:27 Europe/Paris] PHP Warning:  Missing argument 4 for VIP::__construct() in /home/UNIV-LYON1/p1506593/public_html/CPOA/PHP/Classes/VIP.php on line 13
[03-Jan-2017 09:46:27 Europe/Paris] PHP Warning:  Missing argument 5 for VIP::__construct() in /home/UNIV-LYON1/p1506593/public_html/CPOA/PHP/Classes/VIP.php on line 13
[03-Jan-2017 09:46:27 Europe/Paris] PHP Warning:  Missing argument 6 for VIP::__construct() in /home/UNIV-LYON1/p1506593/public_html/CPOA/PHP/Classes/VIP.php on line 13
[03-Jan-2017 09:46:27 Europe/Paris] PHP Warning:  Missing argument 7 for VIP::__construct() in /home/UNIV-LYON1/p1506593/public_html/CPOA/PHP/Classes/VIP.php on line 13
[03-Jan-2017 09:46:27 Europe/Paris] PHP Warning:  Missing argument 8 for VIP::__construct() in /home/UNIV-LYON1/p1506593/public_html/CPOA/PHP/Classes/VIP.php on line 13
[03-Jan-2017 09:46:27 Europe/Paris] PHP Notice:  Undefined variable: numVIP in /home/UNIV-LYON1/p1506593/public_html/CPOA/PHP/Classes/VIP.php on line 15
[03-Jan-2017 09:46:27 Europe/Paris] PHP Notice:  Undefined variable: nom in /home/UNIV-LYON1/p1506593/public_html/CPOA/PHP/Classes/VIP.php on line 16
[03-Jan-2017 09:46:27 Europe/Paris] PHP Notice:  Undefined variable: prenom in /home/UNIV-LYON1/p1506593/public_html/CPOA/PHP/Classes/VIP.php on line 17
[03-Jan-2017 09:46:27 Europe/Paris] PHP Notice:  Undefined variable: photo in /home/UNIV-LYON1/p1506593/public_html/CPOA/PHP/Classes/VIP.php on line 18
[03-Jan-2017 09:46:27 Europe/Paris] PHP Notice:  Undefined variable: priorite in /home/UNIV-LYON1/p1506593/public_html/CPOA/PHP/Classes/VIP.php on line 19
[03-Jan-2017 09:46:27 Europe/Paris] PHP Notice:  Undefined variable: dateNaissance in /home/UNIV-LYON1/p1506593/public_html/CPOA/PHP/Classes/VIP.php on line 20
[03-Jan-2017 09:46:27 Europe/Paris] PHP Notice:  Undefined variable: nationalite in /home/UNIV-LYON1/p1506593/public_html/CPOA/PHP/Classes/VIP.php on line 21
[03-Jan-2017 09:46:27 Europe/Paris] PHP Notice:  Undefined variable: typeVIP in /home/UNIV-LYON1/p1506593/public_html/CPOA/PHP/Classes/VIP.php on line 22
[03-Jan-2017 09:46:27 Europe/Paris] PHP Warning:  Missing argument 1 for VIP::__construct() in /home/UNIV-LYON1/p1506593/public_html/CPOA/PHP/Classes/VIP.php on line 13
[03-Jan-2017 09:46:27 Europe/Paris] PHP Warning:  Missing argument 2 for VIP::__construct() in /home/UNIV-LYON1/p1506593/public_html/CPOA/PHP/Classes/VIP.php on line 13
[03-Jan-2017 09:46:27 Europe/Paris] PHP Warning:  Missing argument 3 for VIP::__construct() in /home/UNIV-LYON1/p1506593/public_html/CPOA/PHP/Classes/VIP.php on line 13
[03-Jan-2017 09:46:27 Europe/Paris] PHP Warning:  Missing argument 4 for VIP::__construct() in /home/UNIV-LYON1/p1506593/public_html/CPOA/PHP/Classes/VIP.php on line 13
[03-Jan-2017 09:46:27 Europe/Paris] PHP Warning:  Missing argument 5 for VIP::__construct() in /home/UNIV-LYON1/p1506593/public_html/CPOA/PHP/Classes/VIP.php on line 13
[03-Jan-2017 09:46:27 Europe/Paris] PHP Warning:  Missing argument 6 for VIP::__construct() in /home/UNIV-LYON1/p1506593/public_html/CPOA/PHP/Classes/VIP.php on line 13
[03-Jan-2017 09:46:27 Europe/Paris] PHP Warning:  Missing argument 7 for VIP::__construct() in /home/UNIV-LYON1/p1506593/public_html/CPOA/PHP/Classes/VIP.php on line 13
[03-Jan-2017 09:46:27 Europe/Paris] PHP Warning:  Missing argument 8 for VIP::__construct() in /home/UNIV-LYON1/p1506593/public_html/CPOA/PHP/Classes/VIP.php on line 13
[03-Jan-2017 09:46:27 Europe/Paris] PHP Notice:  Undefined variable: numVIP in /home/UNIV-LYON1/p1506593/public_html/CPOA/PHP/Classes/VIP.php on line 15
[03-Jan-2017 09:46:27 Europe/Paris] PHP Notice:  Undefined variable: nom in /home/UNIV-LYON1/p1506593/public_html/CPOA/PHP/Classes/VIP.php on line 16
[03-Jan-2017 09:46:27 Europe/Paris] PHP Notice:  Undefined variable: prenom in /home/UNIV-LYON1/p1506593/public_html/CPOA/PHP/Classes/VIP.php on line 17
[03-Jan-2017 09:46:27 Europe/Paris] PHP Notice:  Undefined variable: photo in /home/UNIV-LYON1/p1506593/public_html/CPOA/PHP/Classes/VIP.php on line 18
[03-Jan-2017 09:46:27 Europe/Paris] PHP Notice:  Undefined variable: priorite in /home/UNIV-LYON1/p1506593/public_html/CPOA/PHP/Classes/VIP.php on line 19
[03-Jan-2017 09:46:27 Europe/Paris] PHP Notice:  Undefined variable: dateNaissance in /home/UNIV-LYON1/p1506593/public_html/CPOA/PHP/Classes/VIP.php on line 20
[03-Jan-2017 09:46:27 Europe/Paris] PHP Notice:  Undefined variable: nationalite in /home/UNIV-LYON1/p1506593/public_html/CPOA/PHP/Classes/VIP.php on line 21
[03-Jan-2017 09:46:27 Europe/Paris] PHP Notice:  Undefined variable: typeVIP in /home/UNIV-LYON1/p1506593/public_html/CPOA/PHP/Classes/VIP.php on line 22
[03-Jan-2017 09:46:27 Europe/Paris] PHP Warning:  Missing argument 1 for VIP::__construct() in /home/UNIV-LYON1/p1506593/public_html/CPOA/PHP/Classes/VIP.php on line 13
[03-Jan-2017 09:46:27 Europe/Paris] PHP Warning:  Missing argument 2 for VIP::__construct() in /home/UNIV-LYON1/p1506593/public_html/CPOA/PHP/Classes/VIP.php on line 13
[03-Jan-2017 09:46:27 Europe/Paris] PHP Warning:  Missing argument 3 for VIP::__construct() in /home/UNIV-LYON1/p1506593/public_html/CPOA/PHP/Classes/VIP.php on line 13
[03-Jan-2017 09:46:27 Europe/Paris] PHP Warning:  Missing argument 4 for VIP::__construct() in /home/UNIV-LYON1/p1506593/public_html/CPOA/PHP/Classes/VIP.php on line 13
[03-Jan-2017 09:46:27 Europe/Paris] PHP Warning:  Missing argument 5 for VIP::__construct() in /home/UNIV-LYON1/p1506593/public_html/CPOA/PHP/Classes/VIP.php on line 13
[03-Jan-2017 09:46:27 Europe/Paris] PHP Warning:  Missing argument 6 for VIP::__construct() in /home/UNIV-LYON1/p1506593/public_html/CPOA/PHP/Classes/VIP.php on line 13
[03-Jan-2017 09:46:27 Europe/Paris] PHP Warning:  Missing argument 7 for VIP::__construct() in /home/UNIV-LYON1/p1506593/public_html/CPOA/PHP/Classes/VIP.php on line 13
[03-Jan-2017 09:46:27 Europe/Paris] PHP Warning:  Missing argument 8 for VIP::__construct() in /home/UNIV-LYON1/p1506593/public_html/CPOA/PHP/Classes/VIP.php on line 13
[03-Jan-2017 09:46:27 Europe/Paris] PHP Notice:  Undefined variable: numVIP in /home/UNIV-LYON1/p1506593/public_html/CPOA/PHP/Classes/VIP.php on line 15
[03-Jan-2017 09:46:27 Europe/Paris] PHP Notice:  Undefined variable: nom in /home/UNIV-LYON1/p1506593/public_html/CPOA/PHP/Classes/VIP.php on line 16
[03-Jan-2017 09:46:27 Europe/Paris] PHP Notice:  Undefined variable: prenom in /home/UNIV-LYON1/p1506593/public_html/CPOA/PHP/Classes/VIP.php on line 17
[03-Jan-2017 09:46:27 Europe/Paris] PHP Notice:  Undefined variable: photo in /home/UNIV-LYON1/p1506593/public_html/CPOA/PHP/Classes/VIP.php on line 18
[03-Jan-2017 09:46:27 Europe/Paris] PHP Notice:  Undefined variable: priorite in /home/UNIV-LYON1/p1506593/public_html/CPOA/PHP/Classes/VIP.php on line 19
[03-Jan-2017 09:46:27 Europe/Paris] PHP Notice:  Undefined variable: dateNaissance in /home/UNIV-LYON1/p1506593/public_html/CPOA/PHP/Classes/VIP.php on line 20
[03-Jan-2017 09:46:27 Europe/Paris] PHP Notice:  Undefined variable: nationalite in /home/UNIV-LYON1/p1506593/public_html/CPOA/PHP/Classes/VIP.php on line 21
[03-Jan-2017 09:46:27 Europe/Paris] PHP Notice:  Undefined variable: typeVIP in /home/UNIV-LYON1/p1506593/public_html/CPOA/PHP/Classes/VIP.php on line 22
[03-Jan-2017 09:46:27 Europe/Paris] PHP Warning:  Missing argument 1 for VIP::__construct() in /home/UNIV-LYON1/p1506593/public_html/CPOA/PHP/Classes/VIP.php on line 13
[03-Jan-2017 09:46:27 Europe/Paris] PHP Warning:  Missing argument 2 for VIP::__construct() in /home/UNIV-LYON1/p1506593/public_html/CPOA/PHP/Classes/VIP.php on line 13
[03-Jan-2017 09:46:27 Europe/Paris] PHP Warning:  Missing argument 3 for VIP::__construct() in /home/UNIV-LYON1/p1506593/public_html/CPOA/PHP/Classes/VIP.php on line 13
[03-Jan-2017 09:46:27 Europe/Paris] PHP Warning:  Missing argument 4 for VIP::__construct() in /home/UNIV-LYON1/p1506593/public_html/CPOA/PHP/Classes/VIP.php on line 13
[03-Jan-2017 09:46:27 Europe/Paris] PHP Warning:  Missing argument 5 for VIP::__construct() in /home/UNIV-LYON1/p1506593/public_html/CPOA/PHP/Classes/VIP.php on line 13
[03-Jan-2017 09:46:27 Europe/Paris] PHP Warning:  Missing argument 6 for VIP::__construct() in /home/UNIV-LYON1/p1506593/public_html/CPOA/PHP/Classes/VIP.php on line 13
[03-Jan-2017 09:46:27 Europe/Paris] PHP Warning:  Missing argument 7 for VIP::__construct() in /home/UNIV-LYON1/p1506593/public_html/CPOA/PHP/Classes/VIP.php on line 13
[03-Jan-2017 09:46:27 Europe/Paris] PHP Warning:  Missing argument 8 for VIP::__construct() in /home/UNIV-LYON1/p1506593/public_html/CPOA/PHP/Classes/VIP.php on line 13
[03-Jan-2017 09:46:27 Europe/Paris] PHP Notice:  Undefined variable: numVIP in /home/UNIV-LYON1/p1506593/public_html/CPOA/PHP/Classes/VIP.php on line 15
[03-Jan-2017 09:46:27 Europe/Paris] PHP Notice:  Undefined variable: nom in /home/UNIV-LYON1/p1506593/public_html/CPOA/PHP/Classes/VIP.php on line 16
[03-Jan-2017 09:46:27 Europe/Paris] PHP Notice:  Undefined variable: prenom in /home/UNIV-LYON1/p1506593/public_html/CPOA/PHP/Classes/VIP.php on line 17
[03-Jan-2017 09:46:27 Europe/Paris] PHP Notice:  Undefined variable: photo in /home/UNIV-LYON1/p1506593/public_html/CPOA/PHP/Classes/VIP.php on line 18
[03-Jan-2017 09:46:27 Europe/Paris] PHP Notice:  Undefined variable: priorite in /home/UNIV-LYON1/p1506593/public_html/CPOA/PHP/Classes/VIP.php on line 19
[03-Jan-2017 09:46:27 Europe/Paris] PHP Notice:  Undefined variable: dateNaissance in /home/UNIV-LYON1/p1506593/public_html/CPOA/PHP/Classes/VIP.php on line 20
[03-Jan-2017 09:46:27 Europe/Paris] PHP Notice:  Undefined variable: nationalite in /home/UNIV-LYON1/p1506593/public_html/CPOA/PHP/Classes/VIP.php on line 21
[03-Jan-2017 09:46:27 Europe/Paris] PHP Notice:  Undefined variable: typeVIP in /home/UNIV-LYON1/p1506593/public_html/CPOA/PHP/Classes/VIP.php on line 22
[03-Jan-2017 09:46:27 Europe/Paris] PHP Warning:  Missing argument 1 for VIP::__construct() in /home/UNIV-LYON1/p1506593/public_html/CPOA/PHP/Classes/VIP.php on line 13
[03-Jan-2017 09:46:27 Europe/Paris] PHP Warning:  Missing argument 2 for VIP::__construct() in /home/UNIV-LYON1/p1506593/public_html/CPOA/PHP/Classes/VIP.php on line 13
[03-Jan-2017 09:46:27 Europe/Paris] PHP Warning:  Missing argument 3 for VIP::__construct() in /home/UNIV-LYON1/p1506593/public_html/CPOA/PHP/Classes/VIP.php on line 13
[03-Jan-2017 09:46:27 Europe/Paris] PHP Warning:  Missing argument 4 for VIP::__construct() in /home/UNIV-LYON1/p1506593/public_html/CPOA/PHP/Classes/VIP.php on line 13
[03-Jan-2017 09:46:27 Europe/Paris] PHP Warning:  Missing argument 5 for VIP::__construct() in /home/UNIV-LYON1/p1506593/public_html/CPOA/PHP/Classes/VIP.php on line 13
[03-Jan-2017 09:46:27 Europe/Paris] PHP Warning:  Missing argument 6 for VIP::__construct() in /home/UNIV-LYON1/p1506593/public_html/CPOA/PHP/Classes/VIP.php on line 13
[03-Jan-2017 09:46:27 Europe/Paris] PHP Warning:  Missing argument 7 for VIP::__construct() in /home/UNIV-LYON1/p1506593/public_html/CPOA/PHP/Classes/VIP.php on line 13
[03-Jan-2017 09:46:27 Europe/Paris] PHP Warning:  Missing argument 8 for VIP::__construct() in /home/UNIV-LYON1/p1506593/public_html/CPOA/PHP/Classes/VIP.php on line 13
[03-Jan-2017 09:46:27 Europe/Paris] PHP Notice:  Undefined variable: numVIP in /home/UNIV-LYON1/p1506593/public_html/CPOA/PHP/Classes/VIP.php on line 15
[03-Jan-2017 09:46:27 Europe/Paris] PHP Notice:  Undefined variable: nom in /home/UNIV-LYON1/p1506593/public_html/CPOA/PHP/Classes/VIP.php on line 16
[03-Jan-2017 09:46:27 Europe/Paris] PHP Notice:  Undefined variable: prenom in /home/UNIV-LYON1/p1506593/public_html/CPOA/PHP/Classes/VIP.php on line 17
[03-Jan-2017 09:46:27 Europe/Paris] PHP Notice:  Undefined variable: photo in /home/UNIV-LYON1/p1506593/public_html/CPOA/PHP/Classes/VIP.php on line 18
[03-Jan-2017 09:46:27 Europe/Paris] PHP Notice:  Undefined variable: priorite in /home/UNIV-LYON1/p1506593/public_html/CPOA/PHP/Classes/VIP.php on line 19
[03-Jan-2017 09:46:27 Europe/Paris] PHP Notice:  Undefined variable: dateNaissance in /home/UNIV-LYON1/p1506593/public_html/CPOA/PHP/Classes/VIP.php on line 20
[03-Jan-2017 09:46:27 Europe/Paris] PHP Notice:  Undefined variable: nationalite in /home/UNIV-LYON1/p1506593/public_html/CPOA/PHP/Classes/VIP.php on line 21
[03-Jan-2017 09:46:27 Europe/Paris] PHP Notice:  Undefined variable: typeVIP in /home/UNIV-LYON1/p1506593/public_html/CPOA/PHP/Classes/VIP.php on line 22
[03-Jan-2017 09:46:27 Europe/Paris] PHP Warning:  Missing argument 1 for VIP::__construct() in /home/UNIV-LYON1/p1506593/public_html/CPOA/PHP/Classes/VIP.php on line 13
[03-Jan-2017 09:46:27 Europe/Paris] PHP Warning:  Missing argument 2 for VIP::__construct() in /home/UNIV-LYON1/p1506593/public_html/CPOA/PHP/Classes/VIP.php on line 13
[03-Jan-2017 09:46:27 Europe/Paris] PHP Warning:  Missing argument 3 for VIP::__construct() in /home/UNIV-LYON1/p1506593/public_html/CPOA/PHP/Classes/VIP.php on line 13
[03-Jan-2017 09:46:27 Europe/Paris] PHP Warning:  Missing argument 4 for VIP::__construct() in /home/UNIV-LYON1/p1506593/public_html/CPOA/PHP/Classes/VIP.php on line 13
[03-Jan-2017 09:46:27 Europe/Paris] PHP Warning:  Missing argument 5 for VIP::__construct() in /home/UNIV-LYON1/p1506593/public_html/CPOA/PHP/Classes/VIP.php on line 13
[03-Jan-2017 09:46:27 Europe/Paris] PHP Warning:  Missing argument 6 for VIP::__construct() in /home/UNIV-LYON1/p1506593/public_html/CPOA/PHP/Classes/VIP.php on line 13
[03-Jan-2017 09:46:27 Europe/Paris] PHP Warning:  Missing argument 7 for VIP::__construct() in /home/UNIV-LYON1/p1506593/public_html/CPOA/PHP/Classes/VIP.php on line 13
[03-Jan-2017 09:46:27 Europe/Paris] PHP Warning:  Missing argument 8 for VIP::__construct() in /home/UNIV-LYON1/p1506593/public_html/CPOA/PHP/Classes/VIP.php on line 13
[03-Jan-2017 09:46:27 Europe/Paris] PHP Notice:  Undefined variable: numVIP in /home/UNIV-LYON1/p1506593/public_html/CPOA/PHP/Classes/VIP.php on line 15
[03-Jan-2017 09:46:27 Europe/Paris] PHP Notice:  Undefined variable: nom in /home/UNIV-LYON1/p1506593/public_html/CPOA/PHP/Classes/VIP.php on line 16
[03-Jan-2017 09:46:27 Europe/Paris] PHP Notice:  Undefined variable: prenom in /home/UNIV-LYON1/p1506593/public_html/CPOA/PHP/Classes/VIP.php on line 17
[03-Jan-2017 09:46:27 Europe/Paris] PHP Notice:  Undefined variable: photo in /home/UNIV-LYON1/p1506593/public_html/CPOA/PHP/Classes/VIP.php on line 18
[03-Jan-2017 09:46:27 Europe/Paris] PHP Notice:  Undefined variable: priorite in /home/UNIV-LYON1/p1506593/public_html/CPOA/PHP/Classes/VIP.php on line 19
[03-Jan-2017 09:46:27 Europe/Paris] PHP Notice:  Undefined variable: dateNaissance in /home/UNIV-LYON1/p1506593/public_html/CPOA/PHP/Classes/VIP.php on line 20
[03-Jan-2017 09:46:27 Europe/Paris] PHP Notice:  Undefined variable: nationalite in /home/UNIV-LYON1/p1506593/public_html/CPOA/PHP/Classes/VIP.php on line 21
[03-Jan-2017 09:46:27 Europe/Paris] PHP Notice:  Undefined variable: typeVIP in /home/UNIV-LYON1/p1506593/public_html/CPOA/PHP/Classes/VIP.php on line 22
[03-Jan-2017 09:46:27 Europe/Paris] PHP Warning:  Missing argument 1 for VIP::__construct() in /home/UNIV-LYON1/p1506593/public_html/CPOA/PHP/Classes/VIP.php on line 13
[03-Jan-2017 09:46:27 Europe/Paris] PHP Warning:  Missing argument 2 for VIP::__construct() in /home/UNIV-LYON1/p1506593/public_html/CPOA/PHP/Classes/VIP.php on line 13
[03-Jan-2017 09:46:27 Europe/Paris] PHP Warning:  Missing argument 3 for VIP::__construct() in /home/UNIV-LYON1/p1506593/public_html/CPOA/PHP/Classes/VIP.php on line 13
[03-Jan-2017 09:46:27 Europe/Paris] PHP Warning:  Missing argument 4 for VIP::__construct() in /home/UNIV-LYON1/p1506593/public_html/CPOA/PHP/Classes/VIP.php on line 13
[03-Jan-2017 09:46:27 Europe/Paris] PHP Warning:  Missing argument 5 for VIP::__construct() in /home/UNIV-LYON1/p1506593/public_html/CPOA/PHP/Classes/VIP.php on line 13
[03-Jan-2017 09:46:27 Europe/Paris] PHP Warning:  Missing argument 6 for VIP::__construct() in /home/UNIV-LYON1/p1506593/public_html/CPOA/PHP/Classes/VIP.php on line 13
[03-Jan-2017 09:46:27 Europe/Paris] PHP Warning:  Missing argument 7 for VIP::__construct() in /home/UNIV-LYON1/p1506593/public_html/CPOA/PHP/Classes/VIP.php on line 13
[03-Jan-2017 09:46:27 Europe/Paris] PHP Warning:  Missing argument 8 for VIP::__construct() in /home/UNIV-LYON1/p1506593/public_html/CPOA/PHP/Classes/VIP.php on line 13
[03-Jan-2017 09:46:27 Europe/Paris] PHP Notice:  Undefined variable: numVIP in /home/UNIV-LYON1/p1506593/public_html/CPOA/PHP/Classes/VIP.php on line 15
[03-Jan-2017 09:46:27 Europe/Paris] PHP Notice:  Undefined variable: nom in /home/UNIV-LYON1/p1506593/public_html/CPOA/PHP/Classes/VIP.php on line 16
[03-Jan-2017 09:46:27 Europe/Paris] PHP Notice:  Undefined variable: prenom in /home/UNIV-LYON1/p1506593/public_html/CPOA/PHP/Classes/VIP.php on line 17
[03-Jan-2017 09:46:27 Europe/Paris] PHP Notice:  Undefined variable: photo in /home/UNIV-LYON1/p1506593/public_html/CPOA/PHP/Classes/VIP.php on line 18
[03-Jan-2017 09:46:27 Europe/Paris] PHP Notice:  Undefined variable: priorite in /home/UNIV-LYON1/p1506593/public_html/CPOA/PHP/Classes/VIP.php on line 19
[03-Jan-2017 09:46:27 Europe/Paris] PHP Notice:  Undefined variable: dateNaissance in /home/UNIV-LYON1/p1506593/public_html/CPOA/PHP/Classes/VIP.php on line 20
[03-Jan-2017 09:46:27 Europe/Paris] PHP Notice:  Undefined variable: nationalite in /home/UNIV-LYON1/p1506593/public_html/CPOA/PHP/Classes/VIP.php on line 21
[03-Jan-2017 09:46:27 Europe/Paris] PHP Notice:  Undefined variable: typeVIP in /home/UNIV-LYON1/p1506593/public_html/CPOA/PHP/Classes/VIP.php on line 22
[03-Jan-2017 09:46:27 Europe/Paris] PHP Warning:  Missing argument 1 for VIP::__construct() in /home/UNIV-LYON1/p1506593/public_html/CPOA/PHP/Classes/VIP.php on line 13
[03-Jan-2017 09:46:27 Europe/Paris] PHP Warning:  Missing argument 2 for VIP::__construct() in /home/UNIV-LYON1/p1506593/public_html/CPOA/PHP/Classes/VIP.php on line 13
[03-Jan-2017 09:46:27 Europe/Paris] PHP Warning:  Missing argument 3 for VIP::__construct() in /home/UNIV-LYON1/p1506593/public_html/CPOA/PHP/Classes/VIP.php on line 13
[03-Jan-2017 09:46:27 Europe/Paris] PHP Warning:  Missing argument 4 for VIP::__construct() in /home/UNIV-LYON1/p1506593/public_html/CPOA/PHP/Classes/VIP.php on line 13
[03-Jan-2017 09:46:27 Europe/Paris] PHP Warning:  Missing argument 5 for VIP::__construct() in /home/UNIV-LYON1/p1506593/public_html/CPOA/PHP/Classes/VIP.php on line 13
[03-Jan-2017 09:46:27 Europe/Paris] PHP Warning:  Missing argument 6 for VIP::__construct() in /home/UNIV-LYON1/p1506593/public_html/CPOA/PHP/Classes/VIP.php on line 13
[03-Jan-2017 09:46:27 Europe/Paris] PHP Warning:  Missing argument 7 for VIP::__construct() in /home/UNIV-LYON1/p1506593/public_html/CPOA/PHP/Classes/VIP.php on line 13
[03-Jan-2017 09:46:27 Europe/Paris] PHP Warning:  Missing argument 8 for VIP::__construct() in /home/UNIV-LYON1/p1506593/public_html/CPOA/PHP/Classes/VIP.php on line 13
[03-Jan-2017 09:46:27 Europe/Paris] PHP Notice:  Undefined variable: numVIP in /home/UNIV-LYON1/p1506593/public_html/CPOA/PHP/Classes/VIP.php on line 15
[03-Jan-2017 09:46:27 Europe/Paris] PHP Notice:  Undefined variable: nom in /home/UNIV-LYON1/p1506593/public_html/CPOA/PHP/Classes/VIP.php on line 16
[03-Jan-2017 09:46:27 Europe/Paris] PHP Notice:  Undefined variable: prenom in /home/UNIV-LYON1/p1506593/public_html/CPOA/PHP/Classes/VIP.php on line 17
[03-Jan-2017 09:46:27 Europe/Paris] PHP Notice:  Undefined variable: photo in /home/UNIV-LYON1/p1506593/public_html/CPOA/PHP/Classes/VIP.php on line 18
[03-Jan-2017 09:46:27 Europe/Paris] PHP Notice:  Undefined variable: priorite in /home/UNIV-LYON1/p1506593/public_html/CPOA/PHP/Classes/VIP.php on line 19
[03-Jan-2017 09:46:27 Europe/Paris] PHP Notice:  Undefined variable: dateNaissance in /home/UNIV-LYON1/p1506593/public_html/CPOA/PHP/Classes/VIP.php on line 20
[03-Jan-2017 09:46:27 Europe/Paris] PHP Notice:  Undefined variable: nationalite in /home/UNIV-LYON1/p1506593/public_html/CPOA/PHP/Classes/VIP.php on line 21
[03-Jan-2017 09:46:27 Europe/Paris] PHP Notice:  Undefined variable: typeVIP in /home/UNIV-LYON1/p1506593/public_html/CPOA/PHP/Classes/VIP.php on line 22
[03-Jan-2017 09:46:27 Europe/Paris] PHP Warning:  Missing argument 1 for VIP::__construct() in /home/UNIV-LYON1/p1506593/public_html/CPOA/PHP/Classes/VIP.php on line 13
[03-Jan-2017 09:46:27 Europe/Paris] PHP Warning:  Missing argument 2 for VIP::__construct() in /home/UNIV-LYON1/p1506593/public_html/CPOA/PHP/Classes/VIP.php on line 13
[03-Jan-2017 09:46:27 Europe/Paris] PHP Warning:  Missing argument 3 for VIP::__construct() in /home/UNIV-LYON1/p1506593/public_html/CPOA/PHP/Classes/VIP.php on line 13
[03-Jan-2017 09:46:27 Europe/Paris] PHP Warning:  Missing argument 4 for VIP::__construct() in /home/UNIV-LYON1/p1506593/public_html/CPOA/PHP/Classes/VIP.php on line 13
[03-Jan-2017 09:46:27 Europe/Paris] PHP Warning:  Missing argument 5 for VIP::__construct() in /home/UNIV-LYON1/p1506593/public_html/CPOA/PHP/Classes/VIP.php on line 13
[03-Jan-2017 09:46:27 Europe/Paris] PHP Warning:  Missing argument 6 for VIP::__construct() in /home/UNIV-LYON1/p1506593/public_html/CPOA/PHP/Classes/VIP.php on line 13
[03-Jan-2017 09:46:27 Europe/Paris] PHP Warning:  Missing argument 7 for VIP::__construct() in /home/UNIV-LYON1/p1506593/public_html/CPOA/PHP/Classes/VIP.php on line 13
[03-Jan-2017 09:46:27 Europe/Paris] PHP Warning:  Missing argument 8 for VIP::__construct() in /home/UNIV-LYON1/p1506593/public_html/CPOA/PHP/Classes/VIP.php on line 13
[03-Jan-2017 09:46:27 Europe/Paris] PHP Notice:  Undefined variable: numVIP in /home/UNIV-LYON1/p1506593/public_html/CPOA/PHP/Classes/VIP.php on line 15
[03-Jan-2017 09:46:27 Europe/Paris] PHP Notice:  Undefined variable: nom in /home/UNIV-LYON1/p1506593/public_html/CPOA/PHP/Classes/VIP.php on line 16
[03-Jan-2017 09:46:27 Europe/Paris] PHP Notice:  Undefined variable: prenom in /home/UNIV-LYON1/p1506593/public_html/CPOA/PHP/Classes/VIP.php on line 17
[03-Jan-2017 09:46:27 Europe/Paris] PHP Notice:  Undefined variable: photo in /home/UNIV-LYON1/p1506593/public_html/CPOA/PHP/Classes/VIP.php on line 18
[03-Jan-2017 09:46:27 Europe/Paris] PHP Notice:  Undefined variable: priorite in /home/UNIV-LYON1/p1506593/public_html/CPOA/PHP/Classes/VIP.php on line 19
[03-Jan-2017 09:46:27 Europe/Paris] PHP Notice:  Undefined variable: dateNaissance in /home/UNIV-LYON1/p1506593/public_html/CPOA/PHP/Classes/VIP.php on line 20
[03-Jan-2017 09:46:27 Europe/Paris] PHP Notice:  Undefined variable: nationalite in /home/UNIV-LYON1/p1506593/public_html/CPOA/PHP/Classes/VIP.php on line 21
[03-Jan-2017 09:46:27 Europe/Paris] PHP Notice:  Undefined variable: typeVIP in /home/UNIV-LYON1/p1506593/public_html/CPOA/PHP/Classes/VIP.php on line 22
[03-Jan-2017 09:46:27 Europe/Paris] PHP Warning:  Missing argument 1 for VIP::__construct() in /home/UNIV-LYON1/p1506593/public_html/CPOA/PHP/Classes/VIP.php on line 13
[03-Jan-2017 09:46:27 Europe/Paris] PHP Warning:  Missing argument 2 for VIP::__construct() in /home/UNIV-LYON1/p1506593/public_html/CPOA/PHP/Classes/VIP.php on line 13
[03-Jan-2017 09:46:27 Europe/Paris] PHP Warning:  Missing argument 3 for VIP::__construct() in /home/UNIV-LYON1/p1506593/public_html/CPOA/PHP/Classes/VIP.php on line 13
[03-Jan-2017 09:46:27 Europe/Paris] PHP Warning:  Missing argument 4 for VIP::__construct() in /home/UNIV-LYON1/p1506593/public_html/CPOA/PHP/Classes/VIP.php on line 13
[03-Jan-2017 09:46:27 Europe/Paris] PHP Warning:  Missing argument 5 for VIP::__construct() in /home/UNIV-LYON1/p1506593/public_html/CPOA/PHP/Classes/VIP.php on line 13
[03-Jan-2017 09:46:27 Europe/Paris] PHP Warning:  Missing argument 6 for VIP::__construct() in /home/UNIV-LYON1/p1506593/public_html/CPOA/PHP/Classes/VIP.php on line 13
[03-Jan-2017 09:46:27 Europe/Paris] PHP Warning:  Missing argument 7 for VIP::__construct() in /home/UNIV-LYON1/p1506593/public_html/CPOA/PHP/Classes/VIP.php on line 13
[03-Jan-2017 09:46:27 Europe/Paris] PHP Warning:  Missing argument 8 for VIP::__construct() in /home/UNIV-LYON1/p1506593/public_html/CPOA/PHP/Classes/VIP.php on line 13
[03-Jan-2017 09:46:27 Europe/Paris] PHP Notice:  Undefined variable: numVIP in /home/UNIV-LYON1/p1506593/public_html/CPOA/PHP/Classes/VIP.php on line 15
[03-Jan-2017 09:46:27 Europe/Paris] PHP Notice:  Undefined variable: nom in /home/UNIV-LYON1/p1506593/public_html/CPOA/PHP/Classes/VIP.php on line 16
[03-Jan-2017 09:46:27 Europe/Paris] PHP Notice:  Undefined variable: prenom in /home/UNIV-LYON1/p1506593/public_html/CPOA/PHP/Classes/VIP.php on line 17
[03-Jan-2017 09:46:27 Europe/Paris] PHP Notice:  Undefined variable: photo in /home/UNIV-LYON1/p1506593/public_html/CPOA/PHP/Classes/VIP.php on line 18
[03-Jan-2017 09:46:27 Europe/Paris] PHP Notice:  Undefined variable: priorite in /home/UNIV-LYON1/p1506593/public_html/CPOA/PHP/Classes/VIP.php on line 19
[03-Jan-2017 09:46:27 Europe/Paris] PHP Notice:  Undefined variable: dateNaissance in /home/UNIV-LYON1/p1506593/public_html/CPOA/PHP/Classes/VIP.php on line 20
[03-Jan-2017 09:46:27 Europe/Paris] PHP Notice:  Undefined variable: nationalite in /home/UNIV-LYON1/p1506593/public_html/CPOA/PHP/Classes/VIP.php on line 21
[03-Jan-2017 09:46:27 Europe/Paris] PHP Notice:  Undefined variable: typeVIP in /home/UNIV-LYON1/p1506593/public_html/CPOA/PHP/Classes/VIP.php on line 22
[04-Jan-2017 16:22:28 Europe/Paris] PHP Warning:  PDOStatement::execute(): SQLSTATE[HY093]: Invalid parameter number: parameter was not defined in /home/UNIV-LYON1/p1506593/public_html/CPOA/PHP/Modele/modeleVIP.php on line 20
[04-Jan-2017 16:23:34 Europe/Paris] PHP Warning:  PDOStatement::execute(): SQLSTATE[HY093]: Invalid parameter number: parameter was not defined in /home/UNIV-LYON1/p1506593/public_html/CPOA/PHP/Modele/modeleVIP.php on line 20
[04-Jan-2017 16:49:24 Europe/Paris] PHP Notice:  Use of undefined constant bertrand - assumed 'bertrand' in /home/UNIV-LYON1/p1506593/public_html/CPOA/PHP/Modele/modeleVIP.php on line 57
[04-Jan-2017 16:49:24 Europe/Paris] PHP Notice:  Use of undefined constant axel - assumed 'axel' in /home/UNIV-LYON1/p1506593/public_html/CPOA/PHP/Modele/modeleVIP.php on line 57
[04-Jan-2017 16:49:24 Europe/Paris] PHP Notice:  Use of undefined constant france - assumed 'france' in /home/UNIV-LYON1/p1506593/public_html/CPOA/PHP/Modele/modeleVIP.php on line 57
[04-Jan-2017 16:49:24 Europe/Paris] PHP Notice:  Use of undefined constant journaliste - assumed 'journaliste' in /home/UNIV-LYON1/p1506593/public_html/CPOA/PHP/Modele/modeleVIP.php on line 57
[04-Jan-2017 16:49:24 Europe/Paris] PHP Notice:  Undefined index: name in /home/UNIV-LYON1/p1506593/public_html/CPOA/PHP/Modele/modeleVIP.php on line 58
[04-Jan-2017 16:49:24 Europe/Paris] PHP Notice:  Undefined index: datenaissance in /home/UNIV-LYON1/p1506593/public_html/CPOA/PHP/Modele/modeleVIP.php on line 61
[04-Jan-2017 16:49:24 Europe/Paris] PHP Notice:  Use of undefined constant bertrand - assumed 'bertrand' in /home/UNIV-LYON1/p1506593/public_html/CPOA/PHP/Modele/modeleVIP.php on line 57
[04-Jan-2017 16:49:24 Europe/Paris] PHP Notice:  Use of undefined constant axel - assumed 'axel' in /home/UNIV-LYON1/p1506593/public_html/CPOA/PHP/Modele/modeleVIP.php on line 57
[04-Jan-2017 16:49:24 Europe/Paris] PHP Notice:  Use of undefined constant france - assumed 'france' in /home/UNIV-LYON1/p1506593/public_html/CPOA/PHP/Modele/modeleVIP.php on line 57
[04-Jan-2017 16:49:24 Europe/Paris] PHP Notice:  Use of undefined constant journaliste - assumed 'journaliste' in /home/UNIV-LYON1/p1506593/public_html/CPOA/PHP/Modele/modeleVIP.php on line 57
[04-Jan-2017 16:49:24 Europe/Paris] PHP Notice:  Undefined index: name in /home/UNIV-LYON1/p1506593/public_html/CPOA/PHP/Modele/modeleVIP.php on line 58
[04-Jan-2017 16:49:24 Europe/Paris] PHP Notice:  Undefined index: datenaissance in /home/UNIV-LYON1/p1506593/public_html/CPOA/PHP/Modele/modeleVIP.php on line 61
[04-Jan-2017 16:49:24 Europe/Paris] PHP Notice:  Use of undefined constant bertrand - assumed 'bertrand' in /home/UNIV-LYON1/p1506593/public_html/CPOA/PHP/Modele/modeleVIP.php on line 57
[04-Jan-2017 16:49:24 Europe/Paris] PHP Notice:  Use of undefined constant axel - assumed 'axel' in /home/UNIV-LYON1/p1506593/public_html/CPOA/PHP/Modele/modeleVIP.php on line 57
[04-Jan-2017 16:49:24 Europe/Paris] PHP Notice:  Use of undefined constant france - assumed 'france' in /home/UNIV-LYON1/p1506593/public_html/CPOA/PHP/Modele/modeleVIP.php on line 57
[04-Jan-2017 16:49:24 Europe/Paris] PHP Notice:  Use of undefined constant journaliste - assumed 'journaliste' in /home/UNIV-LYON1/p1506593/public_html/CPOA/PHP/Modele/modeleVIP.php on line 57
[04-Jan-2017 16:49:24 Europe/Paris] PHP Notice:  Undefined index: name in /home/UNIV-LYON1/p1506593/public_html/CPOA/PHP/Modele/modeleVIP.php on line 58
[04-Jan-2017 16:49:24 Europe/Paris] PHP Notice:  Undefined index: datenaissance in /home/UNIV-LYON1/p1506593/public_html/CPOA/PHP/Modele/modeleVIP.php on line 61
[04-Jan-2017 16:49:24 Europe/Paris] PHP Notice:  Use of undefined constant bertrand - assumed 'bertrand' in /home/UNIV-LYON1/p1506593/public_html/CPOA/PHP/Modele/modeleVIP.php on line 57
[04-Jan-2017 16:49:24 Europe/Paris] PHP Notice:  Use of undefined constant axel - assumed 'axel' in /home/UNIV-LYON1/p1506593/public_html/CPOA/PHP/Modele/modeleVIP.php on line 57
[04-Jan-2017 16:49:24 Europe/Paris] PHP Notice:  Use of undefined constant france - assumed 'france' in /home/UNIV-LYON1/p1506593/public_html/CPOA/PHP/Modele/modeleVIP.php on line 57
[04-Jan-2017 16:49:24 Europe/Paris] PHP Notice:  Use of undefined constant journaliste - assumed 'journaliste' in /home/UNIV-LYON1/p1506593/public_html/CPOA/PHP/Modele/modeleVIP.php on line 57
[04-Jan-2017 16:49:24 Europe/Paris] PHP Notice:  Undefined index: name in /home/UNIV-LYON1/p1506593/public_html/CPOA/PHP/Modele/modeleVIP.php on line 58
[04-Jan-2017 16:49:24 Europe/Paris] PHP Notice:  Undefined index: datenaissance in /home/UNIV-LYON1/p1506593/public_html/CPOA/PHP/Modele/modeleVIP.php on line 61
[04-Jan-2017 16:49:24 Europe/Paris] PHP Notice:  Use of undefined constant bertrand - assumed 'bertrand' in /home/UNIV-LYON1/p1506593/public_html/CPOA/PHP/Modele/modeleVIP.php on line 57
[04-Jan-2017 16:49:24 Europe/Paris] PHP Notice:  Use of undefined constant axel - assumed 'axel' in /home/UNIV-LYON1/p1506593/public_html/CPOA/PHP/Modele/modeleVIP.php on line 57
[04-Jan-2017 16:49:24 Europe/Paris] PHP Notice:  Use of undefined constant france - assumed 'france' in /home/UNIV-LYON1/p1506593/public_html/CPOA/PHP/Modele/modeleVIP.php on line 57
[04-Jan-2017 16:49:24 Europe/Paris] PHP Notice:  Use of undefined constant journaliste - assumed 'journaliste' in /home/UNIV-LYON1/p1506593/public_html/CPOA/PHP/Modele/modeleVIP.php on line 57
[04-Jan-2017 16:49:24 Europe/Paris] PHP Notice:  Undefined index: name in /home/UNIV-LYON1/p1506593/public_html/CPOA/PHP/Modele/modeleVIP.php on line 58
[04-Jan-2017 16:49:24 Europe/Paris] PHP Notice:  Undefined index: datenaissance in /home/UNIV-LYON1/p1506593/public_html/CPOA/PHP/Modele/modeleVIP.php on line 61
[04-Jan-2017 16:49:24 Europe/Paris] PHP Notice:  Use of undefined constant bertrand - assumed 'bertrand' in /home/UNIV-LYON1/p1506593/public_html/CPOA/PHP/Modele/modeleVIP.php on line 57
[04-Jan-2017 16:49:24 Europe/Paris] PHP Notice:  Use of undefined constant axel - assumed 'axel' in /home/UNIV-LYON1/p1506593/public_html/CPOA/PHP/Modele/modeleVIP.php on line 57
[04-Jan-2017 16:49:24 Europe/Paris] PHP Notice:  Use of undefined constant france - assumed 'france' in /home/UNIV-LYON1/p1506593/public_html/CPOA/PHP/Modele/modeleVIP.php on line 57
[04-Jan-2017 16:49:24 Europe/Paris] PHP Notice:  Use of undefined constant journaliste - assumed 'journaliste' in /home/UNIV-LYON1/p1506593/public_html/CPOA/PHP/Modele/modeleVIP.php on line 57
[04-Jan-2017 16:49:24 Europe/Paris] PHP Notice:  Undefined index: name in /home/UNIV-LYON1/p1506593/public_html/CPOA/PHP/Modele/modeleVIP.php on line 58
[04-Jan-2017 16:49:24 Europe/Paris] PHP Notice:  Undefined index: datenaissance in /home/UNIV-LYON1/p1506593/public_html/CPOA/PHP/Modele/modeleVIP.php on line 61
[04-Jan-2017 16:49:24 Europe/Paris] PHP Notice:  Use of undefined constant bertrand - assumed 'bertrand' in /home/UNIV-LYON1/p1506593/public_html/CPOA/PHP/Modele/modeleVIP.php on line 57
[04-Jan-2017 16:49:24 Europe/Paris] PHP Notice:  Use of undefined constant axel - assumed 'axel' in /home/UNIV-LYON1/p1506593/public_html/CPOA/PHP/Modele/modeleVIP.php on line 57
[04-Jan-2017 16:49:24 Europe/Paris] PHP Notice:  Use of undefined constant france - assumed 'france' in /home/UNIV-LYON1/p1506593/public_html/CPOA/PHP/Modele/modeleVIP.php on line 57
[04-Jan-2017 16:49:24 Europe/Paris] PHP Notice:  Use of undefined constant journaliste - assumed 'journaliste' in /home/UNIV-LYON1/p1506593/public_html/CPOA/PHP/Modele/modeleVIP.php on line 57
[04-Jan-2017 16:49:24 Europe/Paris] PHP Notice:  Undefined index: name in /home/UNIV-LYON1/p1506593/public_html/CPOA/PHP/Modele/modeleVIP.php on line 58
[04-Jan-2017 16:49:24 Europe/Paris] PHP Notice:  Undefined index: datenaissance in /home/UNIV-LYON1/p1506593/public_html/CPOA/PHP/Modele/modeleVIP.php on line 61
[04-Jan-2017 16:49:24 Europe/Paris] PHP Notice:  Use of undefined constant bertrand - assumed 'bertrand' in /home/UNIV-LYON1/p1506593/public_html/CPOA/PHP/Modele/modeleVIP.php on line 57
[04-Jan-2017 16:49:24 Europe/Paris] PHP Notice:  Use of undefined constant axel - assumed 'axel' in /home/UNIV-LYON1/p1506593/public_html/CPOA/PHP/Modele/modeleVIP.php on line 57
[04-Jan-2017 16:49:24 Europe/Paris] PHP Notice:  Use of undefined constant france - assumed 'france' in /home/UNIV-LYON1/p1506593/public_html/CPOA/PHP/Modele/modeleVIP.php on line 57
[04-Jan-2017 16:49:24 Europe/Paris] PHP Notice:  Use of undefined constant journaliste - assumed 'journaliste' in /home/UNIV-LYON1/p1506593/public_html/CPOA/PHP/Modele/modeleVIP.php on line 57
[04-Jan-2017 16:49:24 Europe/Paris] PHP Notice:  Undefined index: name in /home/UNIV-LYON1/p1506593/public_html/CPOA/PHP/Modele/modeleVIP.php on line 58
[04-Jan-2017 16:49:24 Europe/Paris] PHP Notice:  Undefined index: datenaissance in /home/UNIV-LYON1/p1506593/public_html/CPOA/PHP/Modele/modeleVIP.php on line 61
[04-Jan-2017 16:49:24 Europe/Paris] PHP Notice:  Use of undefined constant bertrand - assumed 'bertrand' in /home/UNIV-LYON1/p1506593/public_html/CPOA/PHP/Modele/modeleVIP.php on line 57
[04-Jan-2017 16:49:24 Europe/Paris] PHP Notice:  Use of undefined constant axel - assumed 'axel' in /home/UNIV-LYON1/p1506593/public_html/CPOA/PHP/Modele/modeleVIP.php on line 57
[04-Jan-2017 16:49:24 Europe/Paris] PHP Notice:  Use of undefined constant france - assumed 'france' in /home/UNIV-LYON1/p1506593/public_html/CPOA/PHP/Modele/modeleVIP.php on line 57
[04-Jan-2017 16:49:24 Europe/Paris] PHP Notice:  Use of undefined constant journaliste - assumed 'journaliste' in /home/UNIV-LYON1/p1506593/public_html/CPOA/PHP/Modele/modeleVIP.php on line 57
[04-Jan-2017 16:49:24 Europe/Paris] PHP Notice:  Undefined index: name in /home/UNIV-LYON1/p1506593/public_html/CPOA/PHP/Modele/modeleVIP.php on line 58
[04-Jan-2017 16:49:24 Europe/Paris] PHP Notice:  Undefined index: datenaissance in /home/UNIV-LYON1/p1506593/public_html/CPOA/PHP/Modele/modeleVIP.php on line 61
[04-Jan-2017 16:49:24 Europe/Paris] PHP Notice:  Use of undefined constant bertrand - assumed 'bertrand' in /home/UNIV-LYON1/p1506593/public_html/CPOA/PHP/Modele/modeleVIP.php on line 57
[04-Jan-2017 16:49:24 Europe/Paris] PHP Notice:  Use of undefined constant axel - assumed 'axel' in /home/UNIV-LYON1/p1506593/public_html/CPOA/PHP/Modele/modeleVIP.php on line 57
[04-Jan-2017 16:49:24 Europe/Paris] PHP Notice:  Use of undefined constant france - assumed 'france' in /home/UNIV-LYON1/p1506593/public_html/CPOA/PHP/Modele/modeleVIP.php on line 57
[04-Jan-2017 16:49:24 Europe/Paris] PHP Notice:  Use of undefined constant journaliste - assumed 'journaliste' in /home/UNIV-LYON1/p1506593/public_html/CPOA/PHP/Modele/modeleVIP.php on line 57
[04-Jan-2017 16:49:24 Europe/Paris] PHP Notice:  Undefined index: name in /home/UNIV-LYON1/p1506593/public_html/CPOA/PHP/Modele/modeleVIP.php on line 58
[04-Jan-2017 16:49:24 Europe/Paris] PHP Notice:  Undefined index: datenaissance in /home/UNIV-LYON1/p1506593/public_html/CPOA/PHP/Modele/modeleVIP.php on line 61
[04-Jan-2017 16:50:08 Europe/Paris] PHP Notice:  Undefined index: name in /home/UNIV-LYON1/p1506593/public_html/CPOA/PHP/Modele/modeleVIP.php on line 57
[04-Jan-2017 16:50:08 Europe/Paris] PHP Notice:  Undefined index: datenaissance in /home/UNIV-LYON1/p1506593/public_html/CPOA/PHP/Modele/modeleVIP.php on line 60
[04-Jan-2017 16:50:08 Europe/Paris] PHP Notice:  Undefined index: name in /home/UNIV-LYON1/p1506593/public_html/CPOA/PHP/Modele/modeleVIP.php on line 57
[04-Jan-2017 16:50:08 Europe/Paris] PHP Notice:  Undefined index: datenaissance in /home/UNIV-LYON1/p1506593/public_html/CPOA/PHP/Modele/modeleVIP.php on line 60
[04-Jan-2017 16:50:08 Europe/Paris] PHP Notice:  Undefined index: name in /home/UNIV-LYON1/p1506593/public_html/CPOA/PHP/Modele/modeleVIP.php on line 57
[04-Jan-2017 16:50:08 Europe/Paris] PHP Notice:  Undefined index: datenaissance in /home/UNIV-LYON1/p1506593/public_html/CPOA/PHP/Modele/modeleVIP.php on line 60
[04-Jan-2017 16:50:08 Europe/Paris] PHP Notice:  Undefined index: name in /home/UNIV-LYON1/p1506593/public_html/CPOA/PHP/Modele/modeleVIP.php on line 57
[04-Jan-2017 16:50:08 Europe/Paris] PHP Notice:  Undefined index: datenaissance in /home/UNIV-LYON1/p1506593/public_html/CPOA/PHP/Modele/modeleVIP.php on line 60
[04-Jan-2017 16:50:08 Europe/Paris] PHP Notice:  Undefined index: name in /home/UNIV-LYON1/p1506593/public_html/CPOA/PHP/Modele/modeleVIP.php on line 57
[04-Jan-2017 16:50:08 Europe/Paris] PHP Notice:  Undefined index: datenaissance in /home/UNIV-LYON1/p1506593/public_html/CPOA/PHP/Modele/modeleVIP.php on line 60
[04-Jan-2017 16:50:08 Europe/Paris] PHP Notice:  Undefined index: name in /home/UNIV-LYON1/p1506593/public_html/CPOA/PHP/Modele/modeleVIP.php on line 57
[04-Jan-2017 16:50:08 Europe/Paris] PHP Notice:  Undefined index: datenaissance in /home/UNIV-LYON1/p1506593/public_html/CPOA/PHP/Modele/modeleVIP.php on line 60
[04-Jan-2017 16:50:08 Europe/Paris] PHP Notice:  Undefined index: name in /home/UNIV-LYON1/p1506593/public_html/CPOA/PHP/Modele/modeleVIP.php on line 57
[04-Jan-2017 16:50:08 Europe/Paris] PHP Notice:  Undefined index: datenaissance in /home/UNIV-LYON1/p1506593/public_html/CPOA/PHP/Modele/modeleVIP.php on line 60
[04-Jan-2017 16:50:08 Europe/Paris] PHP Notice:  Undefined index: name in /home/UNIV-LYON1/p1506593/public_html/CPOA/PHP/Modele/modeleVIP.php on line 57
[04-Jan-2017 16:50:08 Europe/Paris] PHP Notice:  Undefined index: datenaissance in /home/UNIV-LYON1/p1506593/public_html/CPOA/PHP/Modele/modeleVIP.php on line 60
[04-Jan-2017 16:50:08 Europe/Paris] PHP Notice:  Undefined index: name in /home/UNIV-LYON1/p1506593/public_html/CPOA/PHP/Modele/modeleVIP.php on line 57
[04-Jan-2017 16:50:08 Europe/Paris] PHP Notice:  Undefined index: datenaissance in /home/UNIV-LYON1/p1506593/public_html/CPOA/PHP/Modele/modeleVIP.php on line 60
[04-Jan-2017 16:50:08 Europe/Paris] PHP Notice:  Undefined index: name in /home/UNIV-LYON1/p1506593/public_html/CPOA/PHP/Modele/modeleVIP.php on line 57
[04-Jan-2017 16:50:09 Europe/Paris] PHP Notice:  Undefined index: datenaissance in /home/UNIV-LYON1/p1506593/public_html/CPOA/PHP/Modele/modeleVIP.php on line 60
